<?xml version="1.0" encoding="UTF-8"?>
<coverage generated="1776555582077" clover="3.2.0">
  <project timestamp="1776555582077" name="All files">
    <metrics statements="326" coveredstatements="271" conditionals="205" coveredconditionals="140" methods="59" coveredmethods="47" elements="590" coveredelements="458" complexity="0" loc="326" ncloc="326" packages="1" files="7" classes="7"/>
    <file name="arrays.ts" path="/Users/francesco/rebase/packages/utils/src/arrays.ts">
      <metrics statements="2" coveredstatements="2" conditionals="4" coveredconditionals="4" methods="1" coveredmethods="1"/>
      <line num="1" count="1" type="stmt"/>
      <line num="2" count="9" type="cond" truecount="4" falsecount="0"/>
    </file>
    <file name="flatten_object.ts" path="/Users/francesco/rebase/packages/utils/src/flatten_object.ts">
      <metrics statements="22" coveredstatements="22" conditionals="18" coveredconditionals="18" methods="7" coveredmethods="7"/>
      <line num="1" count="1" type="cond" truecount="1" falsecount="0"/>
      <line num="2" count="11" type="cond" truecount="1" falsecount="0"/>
      <line num="3" count="9" type="stmt"/>
      <line num="4" count="14" type="cond" truecount="2" falsecount="0"/>
      <line num="6" count="14" type="cond" truecount="4" falsecount="0"/>
      <line num="7" count="5" type="cond" truecount="2" falsecount="0"/>
      <line num="8" count="2" type="stmt"/>
      <line num="9" count="3" type="stmt"/>
      <line num="12" count="3" type="stmt"/>
      <line num="15" count="9" type="stmt"/>
      <line num="18" count="14" type="stmt"/>
      <line num="26" count="1" type="stmt"/>
      <line num="27" count="14" type="stmt"/>
      <line num="28" count="18" type="stmt"/>
      <line num="30" count="36" type="cond" truecount="1" falsecount="0"/>
      <line num="31" count="7" type="cond" truecount="2" falsecount="0"/>
      <line num="35" count="36" type="cond" truecount="3" falsecount="0"/>
      <line num="36" count="11" type="stmt"/>
      <line num="37" count="11" type="stmt"/>
      <line num="38" count="6" type="stmt"/>
      <line num="39" count="6" type="cond" truecount="2" falsecount="0"/>
      <line num="43" count="18" type="stmt"/>
    </file>
    <file name="hash.ts" path="/Users/francesco/rebase/packages/utils/src/hash.ts">
      <metrics statements="8" coveredstatements="8" conditionals="1" coveredconditionals="1" methods="1" coveredmethods="1"/>
      <line num="1" count="1" type="stmt"/>
      <line num="2" count="6" type="cond" truecount="1" falsecount="0"/>
      <line num="3" count="5" type="stmt"/>
      <line num="6" count="5" type="stmt"/>
      <line num="7" count="92" type="stmt"/>
      <line num="8" count="92" type="stmt"/>
      <line num="9" count="92" type="stmt"/>
      <line num="11" count="5" type="stmt"/>
    </file>
    <file name="objects.ts" path="/Users/francesco/rebase/packages/utils/src/objects.ts">
      <metrics statements="204" coveredstatements="151" conditionals="148" coveredconditionals="85" methods="34" coveredmethods="22"/>
      <line num="1" count="1" type="stmt"/>
      <line num="2" count="1" type="stmt"/>
      <line num="5" count="1" type="stmt"/>
      <line num="6" count="0" type="cond" truecount="0" falsecount="2"/>
      <line num="9" count="1" type="stmt"/>
      <line num="10" count="0" type="stmt"/>
      <line num="13" count="1" type="stmt"/>
      <line num="14" count="3" type="stmt"/>
      <line num="18" count="1" type="stmt"/>
      <line num="23" count="1" type="stmt"/>
      <line num="29" count="9" type="stmt"/>
      <line num="30" count="9" type="cond" truecount="2" falsecount="0"/>
      <line num="31" count="17" type="stmt"/>
      <line num="35" count="9" type="cond" truecount="3" falsecount="0"/>
      <line num="36" count="3" type="stmt"/>
      <line num="39" count="6" type="cond" truecount="2" falsecount="0"/>
      <line num="42" count="1" type="stmt"/>
      <line num="43" count="3" type="stmt"/>
      <line num="44" count="3" type="stmt"/>
      <line num="45" count="3" type="stmt"/>
      <line num="46" count="3" type="stmt"/>
      <line num="48" count="3" type="stmt"/>
      <line num="49" count="4" type="stmt"/>
      <line num="50" count="4" type="stmt"/>
      <line num="52" count="4" type="cond" truecount="4" falsecount="1"/>
      <line num="53" count="1" type="stmt"/>
      <line num="55" count="3" type="stmt"/>
      <line num="56" count="3" type="stmt"/>
      <line num="62" count="3" type="cond" truecount="2" falsecount="1"/>
      <line num="63" count="0" type="stmt"/>
      <line num="66" count="3" type="cond" truecount="2" falsecount="0"/>
      <line num="67" count="1" type="stmt"/>
      <line num="69" count="2" type="stmt"/>
      <line num="74" count="3" type="cond" truecount="3" falsecount="0"/>
      <line num="75" count="1" type="stmt"/>
      <line num="78" count="3" type="stmt"/>
      <line num="81" count="1" type="stmt"/>
      <line num="82" count="8" type="cond" truecount="2" falsecount="0"/>
      <line num="83" count="1" type="stmt"/>
      <line num="84" count="7" type="cond" truecount="4" falsecount="0"/>
      <line num="85" count="5" type="stmt"/>
      <line num="87" count="2" type="stmt"/>
      <line num="92" count="12" type="cond" truecount="1" falsecount="0"/>
      <line num="94" count="7" type="stmt"/>
      <line num="98" count="1" type="stmt"/>
      <line num="99" count="2" type="stmt"/>
      <line num="105" count="1" type="stmt"/>
      <line num="106" count="13" type="cond" truecount="3" falsecount="0"/>
      <line num="109" count="1" type="stmt"/>
      <line num="111" count="20" type="cond" truecount="4" falsecount="0"/>
      <line num="112" count="9" type="stmt"/>
      <line num="116" count="11" type="stmt"/>
      <line num="119" count="11" type="stmt"/>
      <line num="122" count="1" type="stmt"/>
      <line num="128" count="4" type="cond" truecount="0" falsecount="1"/>
      <line num="129" count="0" type="stmt"/>
      <line num="133" count="4" type="stmt"/>
      <line num="137" count="4" type="cond" truecount="0" falsecount="1"/>
      <line num="138" count="0" type="stmt"/>
      <line num="142" count="4" type="stmt"/>
      <line num="143" count="7" type="cond" truecount="1" falsecount="0"/>
      <line num="144" count="7" type="stmt"/>
      <line num="145" count="7" type="stmt"/>
      <line num="149" count="7" type="cond" truecount="3" falsecount="0"/>
      <line num="150" count="1" type="stmt"/>
      <line num="153" count="6" type="cond" truecount="1" falsecount="1"/>
      <line num="155" count="0" type="stmt"/>
      <line num="156" count="6" type="cond" truecount="2" falsecount="0"/>
      <line num="157" count="1" type="cond" truecount="1" falsecount="1"/>
      <line num="158" count="1" type="stmt"/>
      <line num="159" count="1" type="stmt"/>
      <line num="160" count="1" type="stmt"/>
      <line num="161" count="3" type="stmt"/>
      <line num="162" count="3" type="stmt"/>
      <line num="164" count="3" type="cond" truecount="1" falsecount="1"/>
      <line num="165" count="0" type="stmt"/>
      <line num="166" count="3" type="cond" truecount="2" falsecount="0"/>
      <line num="167" count="1" type="stmt"/>
      <line num="168" count="2" type="cond" truecount="1" falsecount="1"/>
      <line num="169" count="0" type="stmt"/>
      <line num="170" count="2" type="cond" truecount="2" falsecount="2"/>
      <line num="172" count="0" type="stmt"/>
      <line num="175" count="2" type="stmt"/>
      <line num="178" count="1" type="stmt"/>
      <line num="182" count="0" type="stmt"/>
      <line num="184" count="5" type="cond" truecount="2" falsecount="0"/>
      <line num="186" count="1" type="cond" truecount="1" falsecount="1"/>
      <line num="189" count="1" type="stmt"/>
      <line num="193" count="0" type="stmt"/>
      <line num="195" count="4" type="cond" truecount="1" falsecount="1"/>
      <line num="197" count="0" type="stmt"/>
      <line num="200" count="4" type="stmt"/>
      <line num="205" count="4" type="stmt"/>
      <line num="208" count="1" type="stmt"/>
      <line num="209" count="3" type="cond" truecount="0" falsecount="1"/>
      <line num="210" count="3" type="cond" truecount="1" falsecount="0"/>
      <line num="211" count="3" type="cond" truecount="1" falsecount="0"/>
      <line num="212" count="1" type="stmt"/>
      <line num="214" count="2" type="cond" truecount="2" falsecount="1"/>
      <line num="215" count="2" type="stmt"/>
      <line num="216" count="2" type="cond" truecount="0" falsecount="1"/>
      <line num="217" count="0" type="stmt"/>
      <line num="219" count="2" type="stmt"/>
      <line num="220" count="2" type="cond" truecount="1" falsecount="1"/>
      <line num="221" count="2" type="cond" truecount="1" falsecount="1"/>
      <line num="225" count="2" type="cond" truecount="1" falsecount="1"/>
      <line num="226" count="2" type="cond" truecount="0" falsecount="1"/>
      <line num="227" count="0" type="stmt"/>
      <line num="228" count="2" type="stmt"/>
      <line num="231" count="0" type="stmt"/>
      <line num="234" count="1" type="stmt"/>
      <line num="235" count="1" type="stmt"/>
      <line num="236" count="1" type="stmt"/>
      <line num="237" count="1" type="stmt"/>
      <line num="238" count="1" type="stmt"/>
      <line num="239" count="1" type="stmt"/>
      <line num="241" count="1" type="cond" truecount="1" falsecount="0"/>
      <line num="242" count="1" type="stmt"/>
      <line num="243" count="1" type="stmt"/>
      <line num="246" count="1" type="stmt"/>
      <line num="247" count="3" type="cond" truecount="0" falsecount="1"/>
      <line num="248" count="3" type="cond" truecount="0" falsecount="1"/>
      <line num="249" count="3" type="cond" truecount="1" falsecount="0"/>
      <line num="251" count="1" type="cond" truecount="0" falsecount="1"/>
      <line num="252" count="0" type="stmt"/>
      <line num="255" count="1" type="cond" truecount="0" falsecount="1"/>
      <line num="256" count="0" type="stmt"/>
      <line num="258" count="1" type="stmt"/>
      <line num="259" count="3" type="stmt"/>
      <line num="261" count="2" type="cond" truecount="2" falsecount="0"/>
      <line num="262" count="2" type="stmt"/>
      <line num="263" count="1" type="cond" truecount="1" falsecount="1"/>
      <line num="264" count="0" type="stmt"/>
      <line num="265" count="1" type="stmt"/>
      <line num="267" count="2" type="stmt"/>
      <line num="269" count="2" type="stmt"/>
      <line num="272" count="1" type="stmt"/>
      <line num="273" count="0" type="cond" truecount="0" falsecount="1"/>
      <line num="274" count="0" type="cond" truecount="0" falsecount="3"/>
      <line num="275" count="0" type="cond" truecount="0" falsecount="2"/>
      <line num="276" count="0" type="stmt"/>
      <line num="277" count="0" type="cond" truecount="0" falsecount="2"/>
      <line num="278" count="0" type="stmt"/>
      <line num="279" count="0" type="cond" truecount="0" falsecount="1"/>
      <line num="280" count="0" type="stmt"/>
      <line num="282" count="0" type="stmt"/>
      <line num="285" count="1" type="stmt"/>
      <line num="286" count="9" type="cond" truecount="0" falsecount="1"/>
      <line num="287" count="0" type="stmt"/>
      <line num="289" count="9" type="cond" truecount="0" falsecount="1"/>
      <line num="290" count="0" type="stmt"/>
      <line num="292" count="9" type="cond" truecount="1" falsecount="0"/>
      <line num="293" count="3" type="cond" truecount="0" falsecount="1"/>
      <line num="294" count="0" type="stmt"/>
      <line num="296" count="3" type="cond" truecount="0" falsecount="1"/>
      <line num="297" count="0" type="stmt"/>
      <line num="299" count="3" type="stmt"/>
      <line num="300" count="3" type="stmt"/>
      <line num="301" count="7" type="cond" truecount="1" falsecount="0"/>
      <line num="302" count="7" type="stmt"/>
      <line num="303" count="7" type="stmt"/>
      <line num="304" count="7" type="cond" truecount="6" falsecount="0"/>
      <line num="305" count="7" type="cond" truecount="4" falsecount="0"/>
      <line num="306" count="4" type="stmt"/>
      <line num="309" count="3" type="stmt"/>
      <line num="311" count="6" type="stmt"/>
      <line num="314" count="1" type="stmt"/>
      <line num="315" count="4" type="cond" truecount="0" falsecount="1"/>
      <line num="316" count="0" type="stmt"/>
      <line num="318" count="4" type="cond" truecount="0" falsecount="1"/>
      <line num="319" count="0" type="stmt"/>
      <line num="321" count="4" type="cond" truecount="1" falsecount="0"/>
      <line num="322" count="2" type="cond" truecount="0" falsecount="1"/>
      <line num="323" count="0" type="stmt"/>
      <line num="325" count="2" type="cond" truecount="0" falsecount="1"/>
      <line num="326" count="0" type="stmt"/>
      <line num="328" count="2" type="stmt"/>
      <line num="329" count="2" type="stmt"/>
      <line num="330" count="2" type="stmt"/>
      <line num="331" count="5" type="cond" truecount="1" falsecount="0"/>
      <line num="332" count="3" type="stmt"/>
      <line num="334" count="2" type="stmt"/>
      <line num="336" count="2" type="stmt"/>
      <line num="339" count="1" type="stmt"/>
      <line num="340" count="14" type="cond" truecount="3" falsecount="0"/>
      <line num="345" count="1" type="stmt"/>
      <line num="346" count="0" type="cond" truecount="0" falsecount="2"/>
      <line num="347" count="0" type="stmt"/>
      <line num="349" count="0" type="cond" truecount="0" falsecount="3"/>
      <line num="350" count="0" type="stmt"/>
      <line num="353" count="0" type="cond" truecount="0" falsecount="2"/>
      <line num="355" count="0" type="cond" truecount="0" falsecount="2"/>
      <line num="356" count="0" type="stmt"/>
      <line num="357" count="0" type="cond" truecount="0" falsecount="2"/>
      <line num="358" count="0" type="stmt"/>
      <line num="359" count="0" type="cond" truecount="0" falsecount="3"/>
      <line num="360" count="0" type="stmt"/>
      <line num="364" count="0" type="stmt"/>
      <line num="365" count="0" type="cond" truecount="0" falsecount="1"/>
      <line num="366" count="0" type="cond" truecount="0" falsecount="4"/>
      <line num="367" count="0" type="stmt"/>
      <line num="368" count="0" type="cond" truecount="0" falsecount="1"/>
      <line num="369" count="0" type="stmt"/>
      <line num="375" count="0" type="stmt"/>
    </file>
    <file name="plurals.ts" path="/Users/francesco/rebase/packages/utils/src/plurals.ts">
      <metrics statements="35" coveredstatements="33" conditionals="12" coveredconditionals="12" methods="2" coveredmethods="2"/>
      <line num="8" count="1" type="stmt"/>
      <line num="9" count="36" type="cond" truecount="3" falsecount="0"/>
      <line num="10" count="2" type="stmt"/>
      <line num="12" count="34" type="stmt"/>
      <line num="32" count="34" type="stmt"/>
      <line num="42" count="34" type="stmt"/>
      <line num="70" count="34" type="cond" truecount="1" falsecount="0"/>
      <line num="71" count="5" type="stmt"/>
      <line num="74" count="29" type="stmt"/>
      <line num="75" count="215" type="stmt"/>
      <line num="76" count="215" type="stmt"/>
      <line num="77" count="215" type="cond" truecount="1" falsecount="0"/>
      <line num="78" count="6" type="stmt"/>
      <line num="82" count="23" type="stmt"/>
      <line num="83" count="233" type="stmt"/>
      <line num="84" count="233" type="cond" truecount="1" falsecount="0"/>
      <line num="85" count="23" type="stmt"/>
      <line num="88" count="0" type="stmt"/>
      <line num="98" count="1" type="stmt"/>
      <line num="99" count="33" type="cond" truecount="3" falsecount="0"/>
      <line num="100" count="2" type="stmt"/>
      <line num="102" count="31" type="stmt"/>
      <line num="132" count="31" type="stmt"/>
      <line num="142" count="31" type="stmt"/>
      <line num="170" count="31" type="cond" truecount="1" falsecount="0"/>
      <line num="171" count="4" type="stmt"/>
      <line num="174" count="27" type="stmt"/>
      <line num="175" count="199" type="stmt"/>
      <line num="176" count="199" type="cond" truecount="1" falsecount="0"/>
      <line num="177" count="6" type="stmt"/>
      <line num="181" count="21" type="stmt"/>
      <line num="182" count="312" type="stmt"/>
      <line num="183" count="312" type="cond" truecount="1" falsecount="0"/>
      <line num="184" count="21" type="stmt"/>
      <line num="187" count="0" type="stmt"/>
    </file>
    <file name="regexp.ts" path="/Users/francesco/rebase/packages/utils/src/regexp.ts">
      <metrics statements="15" coveredstatements="15" conditionals="7" coveredconditionals="6" methods="3" coveredmethods="3"/>
      <line num="1" count="1" type="stmt"/>
      <line num="2" count="5" type="cond" truecount="1" falsecount="0"/>
      <line num="9" count="3" type="stmt"/>
      <line num="16" count="1" type="stmt"/>
      <line num="17" count="4" type="cond" truecount="1" falsecount="0"/>
      <line num="18" count="2" type="stmt"/>
      <line num="19" count="2" type="cond" truecount="2" falsecount="0"/>
      <line num="20" count="1" type="cond" truecount="1" falsecount="1"/>
      <line num="22" count="1" type="stmt"/>
      <line num="26" count="1" type="stmt"/>
      <line num="27" count="4" type="stmt"/>
      <line num="28" count="4" type="cond" truecount="1" falsecount="0"/>
      <line num="29" count="2" type="stmt"/>
      <line num="30" count="2" type="stmt"/>
      <line num="31" count="2" type="stmt"/>
    </file>
    <file name="strings.ts" path="/Users/francesco/rebase/packages/utils/src/strings.ts">
      <metrics statements="40" coveredstatements="40" conditionals="15" coveredconditionals="14" methods="11" coveredmethods="11"/>
      <line num="1" count="1" type="stmt"/>
      <line num="3" count="1" type="stmt"/>
      <line num="4" count="4" type="stmt"/>
      <line num="5" count="4" type="cond" truecount="1" falsecount="0"/>
      <line num="6" count="3" type="stmt"/>
      <line num="7" count="7" type="stmt"/>
      <line num="11" count="1" type="stmt"/>
      <line num="13" count="1" type="stmt"/>
      <line num="14" count="4" type="stmt"/>
      <line num="15" count="4" type="cond" truecount="1" falsecount="0"/>
      <line num="16" count="3" type="stmt"/>
      <line num="17" count="7" type="stmt"/>
      <line num="21" count="1" type="cond" truecount="0" falsecount="1"/>
      <line num="22" count="2" type="stmt"/>
      <line num="25" count="1" type="stmt"/>
      <line num="26" count="1" type="stmt"/>
      <line num="29" count="1" type="cond" truecount="2" falsecount="0"/>
      <line num="30" count="8" type="cond" truecount="1" falsecount="0"/>
      <line num="31" count="6" type="stmt"/>
      <line num="32" count="6" type="stmt"/>
      <line num="34" count="6" type="stmt"/>
      <line num="35" count="192" type="stmt"/>
      <line num="38" count="6" type="stmt"/>
      <line num="48" count="6" type="cond" truecount="2" falsecount="0"/>
      <line num="53" count="1" type="stmt"/>
      <line num="54" count="6" type="cond" truecount="1" falsecount="0"/>
      <line num="55" count="4" type="cond" truecount="5" falsecount="0"/>
      <line num="56" count="3" type="stmt"/>
      <line num="57" count="3" type="stmt"/>
      <line num="58" count="7" type="stmt"/>
      <line num="61" count="1" type="stmt"/>
      <line num="65" count="1" type="stmt"/>
      <line num="66" count="6" type="cond" truecount="1" falsecount="0"/>
      <line num="68" count="5" type="stmt"/>
      <line num="73" count="5" type="stmt"/>
      <line num="76" count="5" type="stmt"/>
      <line num="79" count="5" type="stmt"/>
      <line num="81" count="11" type="stmt"/>
      <line num="82" count="5" type="stmt"/>
      <line num="83" count="5" type="stmt"/>
    </file>
  </project>
</coverage>
