{"/Users/francesco/rebase/packages/utils/src/arrays.ts": {"path":"/Users/francesco/rebase/packages/utils/src/arrays.ts","statementMap":{"0":{"start":{"line":1,"column":0},"end":{"line":1,"column":16}},"1":{"start":{"line":2,"column":4},"end":{"line":2,"column":65}}},"fnMap":{"0":{"name":"toArray","decl":{"start":{"line":1,"column":16},"end":{"line":1,"column":23}},"loc":{"start":{"line":1,"column":42},"end":{"line":3,"column":1}}}},"branchMap":{"0":{"loc":{"start":{"line":2,"column":11},"end":{"line":2,"column":64}},"type":"cond-expr","locations":[{"start":{"line":2,"column":34},"end":{"line":2,"column":39}},{"start":{"line":2,"column":43},"end":{"line":2,"column":63}}]},"1":{"loc":{"start":{"line":2,"column":43},"end":{"line":2,"column":63}},"type":"cond-expr","locations":[{"start":{"line":2,"column":51},"end":{"line":2,"column":58}},{"start":{"line":2,"column":61},"end":{"line":2,"column":63}}]}},"s":{"0":1,"1":9},"f":{"0":9},"b":{"0":[1,8],"1":[3,5]}}
,"/Users/francesco/rebase/packages/utils/src/flatten_object.ts": {"path":"/Users/francesco/rebase/packages/utils/src/flatten_object.ts","statementMap":{"0":{"start":{"line":1,"column":0},"end":{"line":1,"column":16}},"1":{"start":{"line":26,"column":0},"end":{"line":26,"column":16}},"2":{"start":{"line":2,"column":4},"end":{"line":2,"column":25}},"3":{"start":{"line":2,"column":14},"end":{"line":2,"column":25}},"4":{"start":{"line":3,"column":4},"end":{"line":19,"column":41}},"5":{"start":{"line":4,"column":23},"end":{"line":4,"column":62}},"6":{"start":{"line":6,"column":8},"end":{"line":16,"column":9}},"7":{"start":{"line":7,"column":12},"end":{"line":13,"column":13}},"8":{"start":{"line":8,"column":16},"end":{"line":10,"column":19}},"9":{"start":{"line":9,"column":20},"end":{"line":9,"column":114}},"10":{"start":{"line":12,"column":16},"end":{"line":12,"column":99}},"11":{"start":{"line":15,"column":12},"end":{"line":15,"column":39}},"12":{"start":{"line":18,"column":8},"end":{"line":18,"column":23}},"13":{"start":{"line":27,"column":4},"end":{"line":44,"column":11}},"14":{"start":{"line":28,"column":8},"end":{"line":42,"column":11}},"15":{"start":{"line":30,"column":12},"end":{"line":32,"column":13}},"16":{"start":{"line":31,"column":16},"end":{"line":31,"column":65}},"17":{"start":{"line":35,"column":12},"end":{"line":41,"column":13}},"18":{"start":{"line":36,"column":31},"end":{"line":36,"column":86}},"19":{"start":{"line":37,"column":16},"end":{"line":40,"column":19}},"20":{"start":{"line":38,"column":40},"end":{"line":38,"column":61}},"21":{"start":{"line":39,"column":20},"end":{"line":39,"column":84}},"22":{"start":{"line":43,"column":8},"end":{"line":43,"column":19}}},"fnMap":{"0":{"name":"flattenObject","decl":{"start":{"line":1,"column":16},"end":{"line":1,"column":29}},"loc":{"start":{"line":1,"column":74},"end":{"line":20,"column":1}}},"1":{"name":"(anonymous_1)","decl":{"start":{"line":3,"column":35},"end":{"line":3,"column":36}},"loc":{"start":{"line":3,"column":52},"end":{"line":19,"column":5}}},"2":{"name":"(anonymous_2)","decl":{"start":{"line":8,"column":33},"end":{"line":8,"column":34}},"loc":{"start":{"line":8,"column":66},"end":{"line":10,"column":17}}},"3":{"name":"getArrayValuesCount","decl":{"start":{"line":26,"column":16},"end":{"line":26,"column":35}},"loc":{"start":{"line":26,"column":68},"end":{"line":45,"column":1}}},"4":{"name":"(anonymous_4)","decl":{"start":{"line":27,"column":24},"end":{"line":27,"column":25}},"loc":{"start":{"line":27,"column":80},"end":{"line":44,"column":5}}},"5":{"name":"(anonymous_5)","decl":{"start":{"line":28,"column":36},"end":{"line":28,"column":37}},"loc":{"start":{"line":28,"column":53},"end":{"line":42,"column":9}}},"6":{"name":"(anonymous_6)","decl":{"start":{"line":37,"column":47},"end":{"line":37,"column":48}},"loc":{"start":{"line":37,"column":76},"end":{"line":40,"column":17}}}},"branchMap":{"0":{"loc":{"start":{"line":1,"column":60},"end":{"line":1,"column":74}},"type":"default-arg","locations":[{"start":{"line":1,"column":72},"end":{"line":1,"column":74}}]},"1":{"loc":{"start":{"line":2,"column":4},"end":{"line":2,"column":25}},"type":"if","locations":[{"start":{"line":2,"column":4},"end":{"line":2,"column":25}}]},"2":{"loc":{"start":{"line":4,"column":23},"end":{"line":4,"column":62}},"type":"cond-expr","locations":[{"start":{"line":4,"column":35},"end":{"line":4,"column":56}},{"start":{"line":4,"column":59},"end":{"line":4,"column":62}}]},"3":{"loc":{"start":{"line":6,"column":8},"end":{"line":16,"column":9}},"type":"if","locations":[{"start":{"line":6,"column":8},"end":{"line":16,"column":9}},{"start":{"line":14,"column":15},"end":{"line":16,"column":9}}]},"4":{"loc":{"start":{"line":6,"column":12},"end":{"line":6,"column":61}},"type":"binary-expr","locations":[{"start":{"line":6,"column":12},"end":{"line":6,"column":40}},{"start":{"line":6,"column":44},"end":{"line":6,"column":61}}]},"5":{"loc":{"start":{"line":7,"column":12},"end":{"line":13,"column":13}},"type":"if","locations":[{"start":{"line":7,"column":12},"end":{"line":13,"column":13}},{"start":{"line":11,"column":19},"end":{"line":13,"column":13}}]},"6":{"loc":{"start":{"line":30,"column":12},"end":{"line":32,"column":13}},"type":"if","locations":[{"start":{"line":30,"column":12},"end":{"line":32,"column":13}}]},"7":{"loc":{"start":{"line":31,"column":36},"end":{"line":31,"column":49}},"type":"binary-expr","locations":[{"start":{"line":31,"column":36},"end":{"line":31,"column":44}},{"start":{"line":31,"column":48},"end":{"line":31,"column":49}}]},"8":{"loc":{"start":{"line":35,"column":12},"end":{"line":41,"column":13}},"type":"if","locations":[{"start":{"line":35,"column":12},"end":{"line":41,"column":13}}]},"9":{"loc":{"start":{"line":35,"column":16},"end":{"line":35,"column":59}},"type":"binary-expr","locations":[{"start":{"line":35,"column":16},"end":{"line":35,"column":41}},{"start":{"line":35,"column":45},"end":{"line":35,"column":59}}]},"10":{"loc":{"start":{"line":39,"column":48},"end":{"line":39,"column":69}},"type":"binary-expr","locations":[{"start":{"line":39,"column":48},"end":{"line":39,"column":64}},{"start":{"line":39,"column":68},"end":{"line":39,"column":69}}]}},"s":{"0":1,"1":1,"2":11,"3":2,"4":9,"5":14,"6":14,"7":5,"8":2,"9":3,"10":3,"11":9,"12":14,"13":14,"14":18,"15":36,"16":7,"17":36,"18":11,"19":11,"20":6,"21":6,"22":18},"f":{"0":11,"1":14,"2":3,"3":14,"4":18,"5":36,"6":6},"b":{"0":[5],"1":[2],"2":[9,5],"3":[5,9],"4":[14,5],"5":[2,3],"6":[7],"7":[7,5],"8":[11],"9":[36,11],"10":[6,4]}}
,"/Users/francesco/rebase/packages/utils/src/hash.ts": {"path":"/Users/francesco/rebase/packages/utils/src/hash.ts","statementMap":{"0":{"start":{"line":1,"column":0},"end":{"line":1,"column":16}},"1":{"start":{"line":2,"column":4},"end":{"line":2,"column":23}},"2":{"start":{"line":2,"column":14},"end":{"line":2,"column":23}},"3":{"start":{"line":3,"column":15},"end":{"line":3,"column":16}},"4":{"start":{"line":6,"column":4},"end":{"line":10,"column":5}},"5":{"start":{"line":7,"column":8},"end":{"line":7,"column":32}},"6":{"start":{"line":8,"column":8},"end":{"line":8,"column":42}},"7":{"start":{"line":9,"column":8},"end":{"line":9,"column":18}},"8":{"start":{"line":11,"column":4},"end":{"line":11,"column":26}}},"fnMap":{"0":{"name":"hashString","decl":{"start":{"line":1,"column":16},"end":{"line":1,"column":26}},"loc":{"start":{"line":1,"column":38},"end":{"line":12,"column":1}}}},"branchMap":{"0":{"loc":{"start":{"line":2,"column":4},"end":{"line":2,"column":23}},"type":"if","locations":[{"start":{"line":2,"column":4},"end":{"line":2,"column":23}}]}},"s":{"0":1,"1":6,"2":1,"3":5,"4":5,"5":92,"6":92,"7":92,"8":5},"f":{"0":6},"b":{"0":[1]}}
,"/Users/francesco/rebase/packages/utils/src/objects.ts": {"path":"/Users/francesco/rebase/packages/utils/src/objects.ts","statementMap":{"0":{"start":{"line":23,"column":0},"end":{"line":23,"column":16}},"1":{"start":{"line":42,"column":0},"end":{"line":42,"column":16}},"2":{"start":{"line":81,"column":0},"end":{"line":81,"column":16}},"3":{"start":{"line":105,"column":0},"end":{"line":105,"column":16}},"4":{"start":{"line":109,"column":0},"end":{"line":109,"column":16}},"5":{"start":{"line":122,"column":0},"end":{"line":122,"column":16}},"6":{"start":{"line":208,"column":0},"end":{"line":208,"column":16}},"7":{"start":{"line":234,"column":0},"end":{"line":234,"column":16}},"8":{"start":{"line":246,"column":0},"end":{"line":246,"column":16}},"9":{"start":{"line":272,"column":0},"end":{"line":272,"column":16}},"10":{"start":{"line":285,"column":0},"end":{"line":285,"column":16}},"11":{"start":{"line":314,"column":0},"end":{"line":314,"column":16}},"12":{"start":{"line":339,"column":0},"end":{"line":339,"column":16}},"13":{"start":{"line":345,"column":0},"end":{"line":345,"column":16}},"14":{"start":{"line":1,"column":0},"end":{"line":1,"column":31}},"15":{"start":{"line":2,"column":0},"end":{"line":2,"column":44}},"16":{"start":{"line":5,"column":28},"end":{"line":6,"column":46}},"17":{"start":{"line":6,"column":4},"end":{"line":6,"column":46}},"18":{"start":{"line":5,"column":13},"end":{"line":5,"column":28}},"19":{"start":{"line":9,"column":26},"end":{"line":10,"column":29}},"20":{"start":{"line":10,"column":4},"end":{"line":10,"column":29}},"21":{"start":{"line":9,"column":13},"end":{"line":9,"column":26}},"22":{"start":{"line":13,"column":25},"end":{"line":14,"column":51}},"23":{"start":{"line":14,"column":4},"end":{"line":14,"column":51}},"24":{"start":{"line":13,"column":13},"end":{"line":13,"column":25}},"25":{"start":{"line":18,"column":21},"end":{"line":18,"column":59}},"26":{"start":{"line":18,"column":48},"end":{"line":18,"column":59}},"27":{"start":{"line":18,"column":13},"end":{"line":18,"column":21}},"28":{"start":{"line":29,"column":17},"end":{"line":29,"column":28}},"29":{"start":{"line":30,"column":4},"end":{"line":32,"column":5}},"30":{"start":{"line":31,"column":8},"end":{"line":31,"column":58}},"31":{"start":{"line":35,"column":4},"end":{"line":37,"column":5}},"32":{"start":{"line":36,"column":8},"end":{"line":36,"column":19}},"33":{"start":{"line":39,"column":4},"end":{"line":39,"column":41}},"34":{"start":{"line":43,"column":16},"end":{"line":43,"column":53}},"35":{"start":{"line":44,"column":42},"end":{"line":44,"column":45}},"36":{"start":{"line":45,"column":12},"end":{"line":45,"column":13}},"37":{"start":{"line":46,"column":22},"end":{"line":46,"column":34}},"38":{"start":{"line":48,"column":4},"end":{"line":59,"column":5}},"39":{"start":{"line":49,"column":36},"end":{"line":49,"column":48}},"40":{"start":{"line":50,"column":27},"end":{"line":50,"column":91}},"41":{"start":{"line":52,"column":8},"end":{"line":58,"column":9}},"42":{"start":{"line":53,"column":12},"end":{"line":53,"column":88}},"43":{"start":{"line":55,"column":37},"end":{"line":55,"column":53}},"44":{"start":{"line":56,"column":12},"end":{"line":57,"column":100}},"45":{"start":{"line":62,"column":4},"end":{"line":64,"column":5}},"46":{"start":{"line":63,"column":8},"end":{"line":63,"column":19}},"47":{"start":{"line":66,"column":4},"end":{"line":70,"column":5}},"48":{"start":{"line":67,"column":8},"end":{"line":67,"column":36}},"49":{"start":{"line":69,"column":8},"end":{"line":69,"column":37}},"50":{"start":{"line":74,"column":4},"end":{"line":76,"column":5}},"51":{"start":{"line":75,"column":8},"end":{"line":75,"column":33}},"52":{"start":{"line":78,"column":4},"end":{"line":78,"column":20}},"53":{"start":{"line":82,"column":4},"end":{"line":88,"column":5}},"54":{"start":{"line":83,"column":8},"end":{"line":83,"column":42}},"55":{"start":{"line":84,"column":11},"end":{"line":88,"column":5}},"56":{"start":{"line":85,"column":8},"end":{"line":85,"column":33}},"57":{"start":{"line":87,"column":8},"end":{"line":87,"column":21}},"58":{"start":{"line":92,"column":4},"end":{"line":92,"column":43}},"59":{"start":{"line":92,"column":30},"end":{"line":92,"column":43}},"60":{"start":{"line":94,"column":4},"end":{"line":94,"column":94}},"61":{"start":{"line":98,"column":101},"end":{"line":103,"column":16}},"62":{"start":{"line":98,"column":171},"end":{"line":103,"column":16}},"63":{"start":{"line":99,"column":59},"end":{"line":102,"column":6}},"64":{"start":{"line":98,"column":13},"end":{"line":98,"column":101}},"65":{"start":{"line":106,"column":4},"end":{"line":106,"column":70}},"66":{"start":{"line":111,"column":4},"end":{"line":113,"column":5}},"67":{"start":{"line":112,"column":8},"end":{"line":112,"column":21}},"68":{"start":{"line":116,"column":18},"end":{"line":116,"column":44}},"69":{"start":{"line":119,"column":4},"end":{"line":119,"column":38}},"70":{"start":{"line":128,"column":4},"end":{"line":130,"column":5}},"71":{"start":{"line":129,"column":8},"end":{"line":129,"column":31}},"72":{"start":{"line":133,"column":19},"end":{"line":133,"column":32}},"73":{"start":{"line":137,"column":4},"end":{"line":139,"column":5}},"74":{"start":{"line":138,"column":8},"end":{"line":138,"column":31}},"75":{"start":{"line":142,"column":4},"end":{"line":203,"column":5}},"76":{"start":{"line":143,"column":8},"end":{"line":202,"column":9}},"77":{"start":{"line":144,"column":32},"end":{"line":144,"column":43}},"78":{"start":{"line":145,"column":33},"end":{"line":145,"column":72}},"79":{"start":{"line":149,"column":12},"end":{"line":151,"column":13}},"80":{"start":{"line":150,"column":16},"end":{"line":150,"column":25}},"81":{"start":{"line":153,"column":12},"end":{"line":201,"column":13}},"82":{"start":{"line":155,"column":17},"end":{"line":155,"column":112}},"83":{"start":{"line":156,"column":19},"end":{"line":201,"column":13}},"84":{"start":{"line":157,"column":16},"end":{"line":183,"column":17}},"85":{"start":{"line":158,"column":37},"end":{"line":158,"column":39}},"86":{"start":{"line":159,"column":38},"end":{"line":159,"column":86}},"87":{"start":{"line":160,"column":20},"end":{"line":177,"column":21}},"88":{"start":{"line":160,"column":33},"end":{"line":160,"column":34}},"89":{"start":{"line":161,"column":43},"end":{"line":161,"column":57}},"90":{"start":{"line":162,"column":43},"end":{"line":162,"column":57}},"91":{"start":{"line":164,"column":24},"end":{"line":176,"column":25}},"92":{"start":{"line":165,"column":28},"end":{"line":165,"column":53}},"93":{"start":{"line":166,"column":31},"end":{"line":176,"column":25}},"94":{"start":{"line":167,"column":28},"end":{"line":167,"column":53}},"95":{"start":{"line":168,"column":31},"end":{"line":176,"column":25}},"96":{"start":{"line":169,"column":28},"end":{"line":169,"column":53}},"97":{"start":{"line":170,"column":31},"end":{"line":176,"column":25}},"98":{"start":{"line":172,"column":28},"end":{"line":172,"column":93}},"99":{"start":{"line":175,"column":28},"end":{"line":175,"column":53}},"100":{"start":{"line":178,"column":21},"end":{"line":178,"column":72}},"101":{"start":{"line":182,"column":21},"end":{"line":182,"column":80}},"102":{"start":{"line":184,"column":19},"end":{"line":201,"column":13}},"103":{"start":{"line":186,"column":16},"end":{"line":194,"column":17}},"104":{"start":{"line":189,"column":21},"end":{"line":189,"column":143}},"105":{"start":{"line":193,"column":21},"end":{"line":193,"column":75}},"106":{"start":{"line":195,"column":19},"end":{"line":201,"column":13}},"107":{"start":{"line":197,"column":17},"end":{"line":197,"column":71}},"108":{"start":{"line":200,"column":17},"end":{"line":200,"column":71}},"109":{"start":{"line":205,"column":4},"end":{"line":205,"column":27}},"110":{"start":{"line":209,"column":4},"end":{"line":209,"column":29}},"111":{"start":{"line":209,"column":12},"end":{"line":209,"column":29}},"112":{"start":{"line":210,"column":4},"end":{"line":230,"column":5}},"113":{"start":{"line":211,"column":8},"end":{"line":213,"column":9}},"114":{"start":{"line":212,"column":12},"end":{"line":212,"column":56}},"115":{"start":{"line":214,"column":8},"end":{"line":229,"column":9}},"116":{"start":{"line":215,"column":31},"end":{"line":215,"column":49}},"117":{"start":{"line":216,"column":12},"end":{"line":218,"column":13}},"118":{"start":{"line":217,"column":16},"end":{"line":217,"column":85}},"119":{"start":{"line":217,"column":59},"end":{"line":217,"column":83}},"120":{"start":{"line":219,"column":33},"end":{"line":219,"column":48}},"121":{"start":{"line":220,"column":42},"end":{"line":220,"column":138}},"122":{"start":{"line":221,"column":31},"end":{"line":223,"column":62}},"123":{"start":{"line":225,"column":29},"end":{"line":225,"column":88}},"124":{"start":{"line":226,"column":12},"end":{"line":227,"column":34}},"125":{"start":{"line":227,"column":16},"end":{"line":227,"column":34}},"126":{"start":{"line":228,"column":12},"end":{"line":228,"column":78}},"127":{"start":{"line":231,"column":4},"end":{"line":231,"column":21}},"128":{"start":{"line":235,"column":24},"end":{"line":235,"column":32}},"129":{"start":{"line":236,"column":18},"end":{"line":236,"column":33}},"130":{"start":{"line":237,"column":17},"end":{"line":237,"column":28}},"131":{"start":{"line":238,"column":4},"end":{"line":240,"column":5}},"132":{"start":{"line":239,"column":8},"end":{"line":239,"column":100}},"133":{"start":{"line":241,"column":4},"end":{"line":242,"column":64}},"134":{"start":{"line":242,"column":8},"end":{"line":242,"column":64}},"135":{"start":{"line":243,"column":4},"end":{"line":243,"column":25}},"136":{"start":{"line":247,"column":4},"end":{"line":247,"column":42}},"137":{"start":{"line":247,"column":25},"end":{"line":247,"column":42}},"138":{"start":{"line":248,"column":4},"end":{"line":248,"column":32}},"139":{"start":{"line":248,"column":20},"end":{"line":248,"column":32}},"140":{"start":{"line":249,"column":4},"end":{"line":268,"column":5}},"141":{"start":{"line":251,"column":8},"end":{"line":253,"column":9}},"142":{"start":{"line":252,"column":12},"end":{"line":252,"column":50}},"143":{"start":{"line":252,"column":30},"end":{"line":252,"column":48}},"144":{"start":{"line":255,"column":8},"end":{"line":257,"column":9}},"145":{"start":{"line":256,"column":12},"end":{"line":256,"column":21}},"146":{"start":{"line":258,"column":8},"end":{"line":267,"column":52}},"147":{"start":{"line":259,"column":36},"end":{"line":259,"column":63}},"148":{"start":{"line":261,"column":16},"end":{"line":265,"column":47}},"149":{"start":{"line":262,"column":20},"end":{"line":262,"column":73}},"150":{"start":{"line":262,"column":51},"end":{"line":262,"column":69}},"151":{"start":{"line":263,"column":23},"end":{"line":265,"column":47}},"152":{"start":{"line":264,"column":20},"end":{"line":264,"column":61}},"153":{"start":{"line":265,"column":23},"end":{"line":265,"column":47}},"154":{"start":{"line":267,"column":31},"end":{"line":267,"column":45}},"155":{"start":{"line":269,"column":4},"end":{"line":269,"column":13}},"156":{"start":{"line":273,"column":4},"end":{"line":273,"column":24}},"157":{"start":{"line":273,"column":12},"end":{"line":273,"column":24}},"158":{"start":{"line":274,"column":4},"end":{"line":281,"column":5}},"159":{"start":{"line":275,"column":8},"end":{"line":280,"column":65}},"160":{"start":{"line":276,"column":12},"end":{"line":276,"column":61}},"161":{"start":{"line":277,"column":13},"end":{"line":280,"column":65}},"162":{"start":{"line":278,"column":12},"end":{"line":278,"column":38}},"163":{"start":{"line":279,"column":13},"end":{"line":280,"column":65}},"164":{"start":{"line":280,"column":12},"end":{"line":280,"column":65}},"165":{"start":{"line":282,"column":4},"end":{"line":282,"column":54}},"166":{"start":{"line":286,"column":4},"end":{"line":288,"column":5}},"167":{"start":{"line":287,"column":8},"end":{"line":287,"column":21}},"168":{"start":{"line":289,"column":4},"end":{"line":291,"column":5}},"169":{"start":{"line":290,"column":8},"end":{"line":290,"column":81}},"170":{"start":{"line":290,"column":41},"end":{"line":290,"column":79}},"171":{"start":{"line":292,"column":4},"end":{"line":310,"column":5}},"172":{"start":{"line":293,"column":8},"end":{"line":294,"column":25}},"173":{"start":{"line":294,"column":12},"end":{"line":294,"column":25}},"174":{"start":{"line":296,"column":8},"end":{"line":298,"column":9}},"175":{"start":{"line":297,"column":12},"end":{"line":297,"column":25}},"176":{"start":{"line":299,"column":45},"end":{"line":299,"column":47}},"177":{"start":{"line":300,"column":8},"end":{"line":308,"column":11}},"178":{"start":{"line":301,"column":12},"end":{"line":307,"column":13}},"179":{"start":{"line":302,"column":33},"end":{"line":302,"column":109}},"180":{"start":{"line":303,"column":33},"end":{"line":303,"column":61}},"181":{"start":{"line":304,"column":43},"end":{"line":304,"column":154}},"182":{"start":{"line":305,"column":16},"end":{"line":306,"column":40}},"183":{"start":{"line":306,"column":20},"end":{"line":306,"column":40}},"184":{"start":{"line":309,"column":8},"end":{"line":309,"column":19}},"185":{"start":{"line":311,"column":4},"end":{"line":311,"column":17}},"186":{"start":{"line":315,"column":4},"end":{"line":317,"column":5}},"187":{"start":{"line":316,"column":8},"end":{"line":316,"column":21}},"188":{"start":{"line":318,"column":4},"end":{"line":320,"column":5}},"189":{"start":{"line":319,"column":8},"end":{"line":319,"column":57}},"190":{"start":{"line":319,"column":41},"end":{"line":319,"column":55}},"191":{"start":{"line":321,"column":4},"end":{"line":335,"column":5}},"192":{"start":{"line":322,"column":8},"end":{"line":323,"column":25}},"193":{"start":{"line":323,"column":12},"end":{"line":323,"column":25}},"194":{"start":{"line":325,"column":8},"end":{"line":327,"column":9}},"195":{"start":{"line":326,"column":12},"end":{"line":326,"column":25}},"196":{"start":{"line":328,"column":45},"end":{"line":328,"column":47}},"197":{"start":{"line":329,"column":20},"end":{"line":329,"column":52}},"198":{"start":{"line":330,"column":8},"end":{"line":333,"column":11}},"199":{"start":{"line":331,"column":12},"end":{"line":332,"column":49}},"200":{"start":{"line":332,"column":16},"end":{"line":332,"column":49}},"201":{"start":{"line":334,"column":8},"end":{"line":334,"column":19}},"202":{"start":{"line":336,"column":4},"end":{"line":336,"column":17}},"203":{"start":{"line":340,"column":4},"end":{"line":342,"column":null}},"204":{"start":{"line":346,"column":21},"end":{"line":346,"column":110}},"205":{"start":{"line":346,"column":71},"end":{"line":346,"column":110}},"206":{"start":{"line":347,"column":20},"end":{"line":347,"column":74}},"207":{"start":{"line":347,"column":56},"end":{"line":347,"column":74}},"208":{"start":{"line":349,"column":4},"end":{"line":351,"column":5}},"209":{"start":{"line":350,"column":8},"end":{"line":350,"column":22}},"210":{"start":{"line":353,"column":16},"end":{"line":353,"column":61}},"211":{"start":{"line":355,"column":4},"end":{"line":373,"column":5}},"212":{"start":{"line":356,"column":8},"end":{"line":362,"column":9}},"213":{"start":{"line":356,"column":21},"end":{"line":356,"column":35}},"214":{"start":{"line":357,"column":12},"end":{"line":361,"column":13}},"215":{"start":{"line":358,"column":16},"end":{"line":358,"column":33}},"216":{"start":{"line":359,"column":19},"end":{"line":361,"column":13}},"217":{"start":{"line":360,"column":16},"end":{"line":360,"column":150}},"218":{"start":{"line":364,"column":8},"end":{"line":372,"column":11}},"219":{"start":{"line":365,"column":12},"end":{"line":371,"column":13}},"220":{"start":{"line":366,"column":16},"end":{"line":370,"column":17}},"221":{"start":{"line":367,"column":20},"end":{"line":367,"column":80}},"222":{"start":{"line":368,"column":23},"end":{"line":370,"column":17}},"223":{"start":{"line":369,"column":20},"end":{"line":369,"column":36}},"224":{"start":{"line":375,"column":4},"end":{"line":375,"column":15}}},"fnMap":{"0":{"name":"(anonymous_1)","decl":{"start":{"line":5,"column":28},"end":{"line":5,"column":29}},"loc":{"start":{"line":6,"column":4},"end":{"line":6,"column":46}}},"1":{"name":"(anonymous_2)","decl":{"start":{"line":9,"column":26},"end":{"line":9,"column":27}},"loc":{"start":{"line":10,"column":4},"end":{"line":10,"column":29}}},"2":{"name":"(anonymous_3)","decl":{"start":{"line":13,"column":25},"end":{"line":13,"column":26}},"loc":{"start":{"line":14,"column":4},"end":{"line":14,"column":51}}},"3":{"name":"(anonymous_4)","decl":{"start":{"line":18,"column":21},"end":{"line":18,"column":22}},"loc":{"start":{"line":18,"column":48},"end":{"line":18,"column":59}}},"4":{"name":"getIn","decl":{"start":{"line":23,"column":16},"end":{"line":23,"column":21}},"loc":{"start":{"line":27,"column":9},"end":{"line":40,"column":1}}},"5":{"name":"setIn","decl":{"start":{"line":42,"column":16},"end":{"line":42,"column":21}},"loc":{"start":{"line":42,"column":61},"end":{"line":79,"column":1}}},"6":{"name":"clone","decl":{"start":{"line":81,"column":16},"end":{"line":81,"column":21}},"loc":{"start":{"line":81,"column":33},"end":{"line":89,"column":1}}},"7":{"name":"toPath","decl":{"start":{"line":91,"column":9},"end":{"line":91,"column":15}},"loc":{"start":{"line":91,"column":40},"end":{"line":95,"column":1}}},"8":{"name":"(anonymous_9)","decl":{"start":{"line":98,"column":101},"end":{"line":98,"column":137}},"loc":{"start":{"line":98,"column":171},"end":{"line":103,"column":16}}},"9":{"name":"(anonymous_10)","decl":{"start":{"line":99,"column":44},"end":{"line":99,"column":45}},"loc":{"start":{"line":99,"column":59},"end":{"line":102,"column":6}}},"10":{"name":"isObject","decl":{"start":{"line":105,"column":16},"end":{"line":105,"column":24}},"loc":{"start":{"line":105,"column":38},"end":{"line":107,"column":1}}},"11":{"name":"isPlainObject","decl":{"start":{"line":109,"column":16},"end":{"line":109,"column":29}},"loc":{"start":{"line":109,"column":42},"end":{"line":120,"column":1}}},"12":{"name":"mergeDeep","decl":{"start":{"line":122,"column":16},"end":{"line":122,"column":25}},"loc":{"start":{"line":125,"column":36},"end":{"line":206,"column":1}}},"13":{"name":"getValueInPath","decl":{"start":{"line":208,"column":16},"end":{"line":208,"column":30}},"loc":{"start":{"line":208,"column":66},"end":{"line":232,"column":1}}},"14":{"name":"(anonymous_15)","decl":{"start":{"line":217,"column":48},"end":{"line":217,"column":55}},"loc":{"start":{"line":217,"column":59},"end":{"line":217,"column":83}}},"15":{"name":"removeInPath","decl":{"start":{"line":234,"column":16},"end":{"line":234,"column":28}},"loc":{"start":{"line":234,"column":52},"end":{"line":244,"column":1}}},"16":{"name":"removeFunctions","decl":{"start":{"line":246,"column":16},"end":{"line":246,"column":31}},"loc":{"start":{"line":246,"column":42},"end":{"line":270,"column":1}}},"17":{"name":"(anonymous_18)","decl":{"start":{"line":252,"column":25},"end":{"line":252,"column":26}},"loc":{"start":{"line":252,"column":30},"end":{"line":252,"column":48}}},"18":{"name":"(anonymous_19)","decl":{"start":{"line":259,"column":20},"end":{"line":259,"column":21}},"loc":{"start":{"line":259,"column":36},"end":{"line":259,"column":63}}},"19":{"name":"(anonymous_20)","decl":{"start":{"line":260,"column":17},"end":{"line":260,"column":18}},"loc":{"start":{"line":260,"column":34},"end":{"line":266,"column":13}}},"20":{"name":"(anonymous_21)","decl":{"start":{"line":262,"column":46},"end":{"line":262,"column":47}},"loc":{"start":{"line":262,"column":51},"end":{"line":262,"column":69}}},"21":{"name":"(anonymous_22)","decl":{"start":{"line":267,"column":20},"end":{"line":267,"column":21}},"loc":{"start":{"line":267,"column":31},"end":{"line":267,"column":45}}},"22":{"name":"getHashValue","decl":{"start":{"line":272,"column":16},"end":{"line":272,"column":28}},"loc":{"start":{"line":272,"column":36},"end":{"line":283,"column":1}}},"23":{"name":"removeUndefined","decl":{"start":{"line":285,"column":16},"end":{"line":285,"column":31}},"loc":{"start":{"line":285,"column":76},"end":{"line":312,"column":1}}},"24":{"name":"(anonymous_25)","decl":{"start":{"line":290,"column":25},"end":{"line":290,"column":26}},"loc":{"start":{"line":290,"column":41},"end":{"line":290,"column":79}}},"25":{"name":"(anonymous_26)","decl":{"start":{"line":300,"column":35},"end":{"line":300,"column":36}},"loc":{"start":{"line":300,"column":43},"end":{"line":308,"column":9}}},"26":{"name":"removeNulls","decl":{"start":{"line":314,"column":16},"end":{"line":314,"column":27}},"loc":{"start":{"line":314,"column":42},"end":{"line":337,"column":1}}},"27":{"name":"(anonymous_28)","decl":{"start":{"line":319,"column":25},"end":{"line":319,"column":26}},"loc":{"start":{"line":319,"column":41},"end":{"line":319,"column":55}}},"28":{"name":"(anonymous_29)","decl":{"start":{"line":330,"column":33},"end":{"line":330,"column":34}},"loc":{"start":{"line":330,"column":41},"end":{"line":333,"column":9}}},"29":{"name":"isEmptyObject","decl":{"start":{"line":339,"column":16},"end":{"line":339,"column":29}},"loc":{"start":{"line":339,"column":41},"end":{"line":343,"column":1}}},"30":{"name":"removePropsIfExisting","decl":{"start":{"line":345,"column":16},"end":{"line":345,"column":37}},"loc":{"start":{"line":345,"column":130},"end":{"line":376,"column":1}}},"31":{"name":"(anonymous_32)","decl":{"start":{"line":346,"column":21},"end":{"line":346,"column":22}},"loc":{"start":{"line":346,"column":71},"end":{"line":346,"column":110}}},"32":{"name":"(anonymous_33)","decl":{"start":{"line":347,"column":20},"end":{"line":347,"column":21}},"loc":{"start":{"line":347,"column":56},"end":{"line":347,"column":74}}},"33":{"name":"(anonymous_34)","decl":{"start":{"line":364,"column":40},"end":{"line":364,"column":43}},"loc":{"start":{"line":364,"column":46},"end":{"line":372,"column":9}}}},"branchMap":{"0":{"loc":{"start":{"line":6,"column":4},"end":{"line":6,"column":46}},"type":"binary-expr","locations":[{"start":{"line":6,"column":4},"end":{"line":6,"column":24}},{"start":{"line":6,"column":28},"end":{"line":6,"column":46}}]},"1":{"loc":{"start":{"line":27,"column":4},"end":{"line":27,"column":9}},"type":"default-arg","locations":[{"start":{"line":27,"column":8},"end":{"line":27,"column":9}}]},"2":{"loc":{"start":{"line":30,"column":11},"end":{"line":30,"column":33}},"type":"binary-expr","locations":[{"start":{"line":30,"column":11},"end":{"line":30,"column":14}},{"start":{"line":30,"column":18},"end":{"line":30,"column":33}}]},"3":{"loc":{"start":{"line":35,"column":4},"end":{"line":37,"column":5}},"type":"if","locations":[{"start":{"line":35,"column":4},"end":{"line":37,"column":5}}]},"4":{"loc":{"start":{"line":35,"column":8},"end":{"line":35,"column":33}},"type":"binary-expr","locations":[{"start":{"line":35,"column":8},"end":{"line":35,"column":25}},{"start":{"line":35,"column":29},"end":{"line":35,"column":33}}]},"5":{"loc":{"start":{"line":39,"column":11},"end":{"line":39,"column":40}},"type":"cond-expr","locations":[{"start":{"line":39,"column":31},"end":{"line":39,"column":34}},{"start":{"line":39,"column":37},"end":{"line":39,"column":40}}]},"6":{"loc":{"start":{"line":52,"column":8},"end":{"line":58,"column":9}},"type":"if","locations":[{"start":{"line":52,"column":8},"end":{"line":58,"column":9}},{"start":{"line":54,"column":15},"end":{"line":58,"column":9}}]},"7":{"loc":{"start":{"line":52,"column":12},"end":{"line":52,"column":77}},"type":"binary-expr","locations":[{"start":{"line":52,"column":12},"end":{"line":52,"column":22}},{"start":{"line":52,"column":27},"end":{"line":52,"column":47}},{"start":{"line":52,"column":51},"end":{"line":52,"column":76}}]},"8":{"loc":{"start":{"line":57,"column":17},"end":{"line":57,"column":71}},"type":"cond-expr","locations":[{"start":{"line":57,"column":64},"end":{"line":57,"column":66}},{"start":{"line":57,"column":69},"end":{"line":57,"column":71}}]},"9":{"loc":{"start":{"line":57,"column":17},"end":{"line":57,"column":61}},"type":"binary-expr","locations":[{"start":{"line":57,"column":17},"end":{"line":57,"column":36}},{"start":{"line":57,"column":40},"end":{"line":57,"column":61}}]},"10":{"loc":{"start":{"line":62,"column":4},"end":{"line":64,"column":5}},"type":"if","locations":[{"start":{"line":62,"column":4},"end":{"line":64,"column":5}}]},"11":{"loc":{"start":{"line":62,"column":9},"end":{"line":62,"column":58}},"type":"cond-expr","locations":[{"start":{"line":62,"column":19},"end":{"line":62,"column":49}},{"start":{"line":62,"column":52},"end":{"line":62,"column":58}}]},"12":{"loc":{"start":{"line":66,"column":4},"end":{"line":70,"column":5}},"type":"if","locations":[{"start":{"line":66,"column":4},"end":{"line":70,"column":5}},{"start":{"line":68,"column":11},"end":{"line":70,"column":5}}]},"13":{"loc":{"start":{"line":74,"column":4},"end":{"line":76,"column":5}},"type":"if","locations":[{"start":{"line":74,"column":4},"end":{"line":76,"column":5}}]},"14":{"loc":{"start":{"line":74,"column":8},"end":{"line":74,"column":38}},"type":"binary-expr","locations":[{"start":{"line":74,"column":8},"end":{"line":74,"column":15}},{"start":{"line":74,"column":19},"end":{"line":74,"column":38}}]},"15":{"loc":{"start":{"line":82,"column":4},"end":{"line":88,"column":5}},"type":"if","locations":[{"start":{"line":82,"column":4},"end":{"line":88,"column":5}},{"start":{"line":84,"column":11},"end":{"line":88,"column":5}}]},"16":{"loc":{"start":{"line":84,"column":11},"end":{"line":88,"column":5}},"type":"if","locations":[{"start":{"line":84,"column":11},"end":{"line":88,"column":5}},{"start":{"line":86,"column":11},"end":{"line":88,"column":5}}]},"17":{"loc":{"start":{"line":84,"column":15},"end":{"line":84,"column":58}},"type":"binary-expr","locations":[{"start":{"line":84,"column":15},"end":{"line":84,"column":40}},{"start":{"line":84,"column":44},"end":{"line":84,"column":58}}]},"18":{"loc":{"start":{"line":92,"column":4},"end":{"line":92,"column":43}},"type":"if","locations":[{"start":{"line":92,"column":4},"end":{"line":92,"column":43}}]},"19":{"loc":{"start":{"line":106,"column":11},"end":{"line":106,"column":69}},"type":"binary-expr","locations":[{"start":{"line":106,"column":11},"end":{"line":106,"column":17}},{"start":{"line":106,"column":21},"end":{"line":106,"column":45}},{"start":{"line":106,"column":49},"end":{"line":106,"column":69}}]},"20":{"loc":{"start":{"line":111,"column":4},"end":{"line":113,"column":5}},"type":"if","locations":[{"start":{"line":111,"column":4},"end":{"line":113,"column":5}}]},"21":{"loc":{"start":{"line":111,"column":8},"end":{"line":111,"column":69}},"type":"binary-expr","locations":[{"start":{"line":111,"column":8},"end":{"line":111,"column":31}},{"start":{"line":111,"column":35},"end":{"line":111,"column":47}},{"start":{"line":111,"column":51},"end":{"line":111,"column":69}}]},"22":{"loc":{"start":{"line":125,"column":4},"end":{"line":125,"column":36}},"type":"default-arg","locations":[{"start":{"line":125,"column":31},"end":{"line":125,"column":36}}]},"23":{"loc":{"start":{"line":128,"column":4},"end":{"line":130,"column":5}},"type":"if","locations":[{"start":{"line":128,"column":4},"end":{"line":130,"column":5}}]},"24":{"loc":{"start":{"line":137,"column":4},"end":{"line":139,"column":5}},"type":"if","locations":[{"start":{"line":137,"column":4},"end":{"line":139,"column":5}}]},"25":{"loc":{"start":{"line":143,"column":8},"end":{"line":202,"column":9}},"type":"if","locations":[{"start":{"line":143,"column":8},"end":{"line":202,"column":9}}]},"26":{"loc":{"start":{"line":149,"column":12},"end":{"line":151,"column":13}},"type":"if","locations":[{"start":{"line":149,"column":12},"end":{"line":151,"column":13}}]},"27":{"loc":{"start":{"line":149,"column":16},"end":{"line":149,"column":60}},"type":"binary-expr","locations":[{"start":{"line":149,"column":16},"end":{"line":149,"column":31}},{"start":{"line":149,"column":35},"end":{"line":149,"column":60}}]},"28":{"loc":{"start":{"line":153,"column":12},"end":{"line":201,"column":13}},"type":"if","locations":[{"start":{"line":153,"column":12},"end":{"line":201,"column":13}},{"start":{"line":156,"column":19},"end":{"line":201,"column":13}}]},"29":{"loc":{"start":{"line":156,"column":19},"end":{"line":201,"column":13}},"type":"if","locations":[{"start":{"line":156,"column":19},"end":{"line":201,"column":13}},{"start":{"line":184,"column":19},"end":{"line":201,"column":13}}]},"30":{"loc":{"start":{"line":157,"column":16},"end":{"line":183,"column":17}},"type":"if","locations":[{"start":{"line":157,"column":16},"end":{"line":183,"column":17}},{"start":{"line":179,"column":23},"end":{"line":183,"column":17}}]},"31":{"loc":{"start":{"line":164,"column":24},"end":{"line":176,"column":25}},"type":"if","locations":[{"start":{"line":164,"column":24},"end":{"line":176,"column":25}},{"start":{"line":166,"column":31},"end":{"line":176,"column":25}}]},"32":{"loc":{"start":{"line":166,"column":31},"end":{"line":176,"column":25}},"type":"if","locations":[{"start":{"line":166,"column":31},"end":{"line":176,"column":25}},{"start":{"line":168,"column":31},"end":{"line":176,"column":25}}]},"33":{"loc":{"start":{"line":168,"column":31},"end":{"line":176,"column":25}},"type":"if","locations":[{"start":{"line":168,"column":31},"end":{"line":176,"column":25}},{"start":{"line":170,"column":31},"end":{"line":176,"column":25}}]},"34":{"loc":{"start":{"line":170,"column":31},"end":{"line":176,"column":25}},"type":"if","locations":[{"start":{"line":170,"column":31},"end":{"line":176,"column":25}},{"start":{"line":173,"column":31},"end":{"line":176,"column":25}}]},"35":{"loc":{"start":{"line":170,"column":35},"end":{"line":170,"column":89}},"type":"binary-expr","locations":[{"start":{"line":170,"column":35},"end":{"line":170,"column":60}},{"start":{"line":170,"column":64},"end":{"line":170,"column":89}}]},"36":{"loc":{"start":{"line":184,"column":19},"end":{"line":201,"column":13}},"type":"if","locations":[{"start":{"line":184,"column":19},"end":{"line":201,"column":13}},{"start":{"line":195,"column":19},"end":{"line":201,"column":13}}]},"37":{"loc":{"start":{"line":186,"column":16},"end":{"line":194,"column":17}},"type":"if","locations":[{"start":{"line":186,"column":16},"end":{"line":194,"column":17}},{"start":{"line":190,"column":23},"end":{"line":194,"column":17}}]},"38":{"loc":{"start":{"line":195,"column":19},"end":{"line":201,"column":13}},"type":"if","locations":[{"start":{"line":195,"column":19},"end":{"line":201,"column":13}},{"start":{"line":198,"column":19},"end":{"line":201,"column":13}}]},"39":{"loc":{"start":{"line":209,"column":4},"end":{"line":209,"column":29}},"type":"if","locations":[{"start":{"line":209,"column":4},"end":{"line":209,"column":29}}]},"40":{"loc":{"start":{"line":210,"column":4},"end":{"line":230,"column":5}},"type":"if","locations":[{"start":{"line":210,"column":4},"end":{"line":230,"column":5}}]},"41":{"loc":{"start":{"line":211,"column":8},"end":{"line":213,"column":9}},"type":"if","locations":[{"start":{"line":211,"column":8},"end":{"line":213,"column":9}}]},"42":{"loc":{"start":{"line":214,"column":8},"end":{"line":229,"column":9}},"type":"if","locations":[{"start":{"line":214,"column":8},"end":{"line":229,"column":9}}]},"43":{"loc":{"start":{"line":214,"column":12},"end":{"line":214,"column":52}},"type":"binary-expr","locations":[{"start":{"line":214,"column":12},"end":{"line":214,"column":30}},{"start":{"line":214,"column":34},"end":{"line":214,"column":52}}]},"44":{"loc":{"start":{"line":216,"column":12},"end":{"line":218,"column":13}},"type":"if","locations":[{"start":{"line":216,"column":12},"end":{"line":218,"column":13}}]},"45":{"loc":{"start":{"line":220,"column":42},"end":{"line":220,"column":138}},"type":"binary-expr","locations":[{"start":{"line":220,"column":42},"end":{"line":220,"column":101}},{"start":{"line":220,"column":105},"end":{"line":220,"column":138}}]},"46":{"loc":{"start":{"line":221,"column":31},"end":{"line":223,"column":62}},"type":"cond-expr","locations":[{"start":{"line":222,"column":20},"end":{"line":222,"column":104}},{"start":{"line":223,"column":19},"end":{"line":223,"column":62}}]},"47":{"loc":{"start":{"line":225,"column":48},"end":{"line":225,"column":77}},"type":"cond-expr","locations":[{"start":{"line":225,"column":72},"end":{"line":225,"column":73}},{"start":{"line":225,"column":76},"end":{"line":225,"column":77}}]},"48":{"loc":{"start":{"line":226,"column":12},"end":{"line":227,"column":34}},"type":"if","locations":[{"start":{"line":226,"column":12},"end":{"line":227,"column":34}}]},"49":{"loc":{"start":{"line":241,"column":4},"end":{"line":242,"column":64}},"type":"if","locations":[{"start":{"line":241,"column":4},"end":{"line":242,"column":64}}]},"50":{"loc":{"start":{"line":247,"column":4},"end":{"line":247,"column":42}},"type":"if","locations":[{"start":{"line":247,"column":4},"end":{"line":247,"column":42}}]},"51":{"loc":{"start":{"line":248,"column":4},"end":{"line":248,"column":32}},"type":"if","locations":[{"start":{"line":248,"column":4},"end":{"line":248,"column":32}}]},"52":{"loc":{"start":{"line":249,"column":4},"end":{"line":268,"column":5}},"type":"if","locations":[{"start":{"line":249,"column":4},"end":{"line":268,"column":5}}]},"53":{"loc":{"start":{"line":251,"column":8},"end":{"line":253,"column":9}},"type":"if","locations":[{"start":{"line":251,"column":8},"end":{"line":253,"column":9}}]},"54":{"loc":{"start":{"line":255,"column":8},"end":{"line":257,"column":9}},"type":"if","locations":[{"start":{"line":255,"column":8},"end":{"line":257,"column":9}}]},"55":{"loc":{"start":{"line":261,"column":16},"end":{"line":265,"column":47}},"type":"if","locations":[{"start":{"line":261,"column":16},"end":{"line":265,"column":47}},{"start":{"line":263,"column":23},"end":{"line":265,"column":47}}]},"56":{"loc":{"start":{"line":263,"column":23},"end":{"line":265,"column":47}},"type":"if","locations":[{"start":{"line":263,"column":23},"end":{"line":265,"column":47}},{"start":{"line":265,"column":23},"end":{"line":265,"column":47}}]},"57":{"loc":{"start":{"line":273,"column":4},"end":{"line":273,"column":24}},"type":"if","locations":[{"start":{"line":273,"column":4},"end":{"line":273,"column":24}}]},"58":{"loc":{"start":{"line":274,"column":4},"end":{"line":281,"column":5}},"type":"if","locations":[{"start":{"line":274,"column":4},"end":{"line":281,"column":5}}]},"59":{"loc":{"start":{"line":274,"column":8},"end":{"line":274,"column":43}},"type":"binary-expr","locations":[{"start":{"line":274,"column":8},"end":{"line":274,"column":29}},{"start":{"line":274,"column":33},"end":{"line":274,"column":43}}]},"60":{"loc":{"start":{"line":275,"column":8},"end":{"line":280,"column":65}},"type":"if","locations":[{"start":{"line":275,"column":8},"end":{"line":280,"column":65}},{"start":{"line":277,"column":13},"end":{"line":280,"column":65}}]},"61":{"loc":{"start":{"line":277,"column":13},"end":{"line":280,"column":65}},"type":"if","locations":[{"start":{"line":277,"column":13},"end":{"line":280,"column":65}},{"start":{"line":279,"column":13},"end":{"line":280,"column":65}}]},"62":{"loc":{"start":{"line":279,"column":13},"end":{"line":280,"column":65}},"type":"if","locations":[{"start":{"line":279,"column":13},"end":{"line":280,"column":65}}]},"63":{"loc":{"start":{"line":286,"column":4},"end":{"line":288,"column":5}},"type":"if","locations":[{"start":{"line":286,"column":4},"end":{"line":288,"column":5}}]},"64":{"loc":{"start":{"line":289,"column":4},"end":{"line":291,"column":5}},"type":"if","locations":[{"start":{"line":289,"column":4},"end":{"line":291,"column":5}}]},"65":{"loc":{"start":{"line":292,"column":4},"end":{"line":310,"column":5}},"type":"if","locations":[{"start":{"line":292,"column":4},"end":{"line":310,"column":5}}]},"66":{"loc":{"start":{"line":293,"column":8},"end":{"line":294,"column":25}},"type":"if","locations":[{"start":{"line":293,"column":8},"end":{"line":294,"column":25}}]},"67":{"loc":{"start":{"line":296,"column":8},"end":{"line":298,"column":9}},"type":"if","locations":[{"start":{"line":296,"column":8},"end":{"line":298,"column":9}}]},"68":{"loc":{"start":{"line":301,"column":12},"end":{"line":307,"column":13}},"type":"if","locations":[{"start":{"line":301,"column":12},"end":{"line":307,"column":13}}]},"69":{"loc":{"start":{"line":304,"column":43},"end":{"line":304,"column":154}},"type":"binary-expr","locations":[{"start":{"line":304,"column":43},"end":{"line":304,"column":62}},{"start":{"line":304,"column":67},"end":{"line":304,"column":85}},{"start":{"line":304,"column":89},"end":{"line":304,"column":98}},{"start":{"line":304,"column":104},"end":{"line":304,"column":122}},{"start":{"line":304,"column":126},"end":{"line":304,"column":134}},{"start":{"line":304,"column":138},"end":{"line":304,"column":153}}]},"70":{"loc":{"start":{"line":305,"column":16},"end":{"line":306,"column":40}},"type":"if","locations":[{"start":{"line":305,"column":16},"end":{"line":306,"column":40}}]},"71":{"loc":{"start":{"line":305,"column":20},"end":{"line":305,"column":102}},"type":"binary-expr","locations":[{"start":{"line":305,"column":20},"end":{"line":305,"column":42}},{"start":{"line":305,"column":46},"end":{"line":305,"column":80}},{"start":{"line":305,"column":84},"end":{"line":305,"column":102}}]},"72":{"loc":{"start":{"line":315,"column":4},"end":{"line":317,"column":5}},"type":"if","locations":[{"start":{"line":315,"column":4},"end":{"line":317,"column":5}}]},"73":{"loc":{"start":{"line":318,"column":4},"end":{"line":320,"column":5}},"type":"if","locations":[{"start":{"line":318,"column":4},"end":{"line":320,"column":5}}]},"74":{"loc":{"start":{"line":321,"column":4},"end":{"line":335,"column":5}},"type":"if","locations":[{"start":{"line":321,"column":4},"end":{"line":335,"column":5}}]},"75":{"loc":{"start":{"line":322,"column":8},"end":{"line":323,"column":25}},"type":"if","locations":[{"start":{"line":322,"column":8},"end":{"line":323,"column":25}}]},"76":{"loc":{"start":{"line":325,"column":8},"end":{"line":327,"column":9}},"type":"if","locations":[{"start":{"line":325,"column":8},"end":{"line":327,"column":9}}]},"77":{"loc":{"start":{"line":331,"column":12},"end":{"line":332,"column":49}},"type":"if","locations":[{"start":{"line":331,"column":12},"end":{"line":332,"column":49}}]},"78":{"loc":{"start":{"line":340,"column":11},"end":{"line":342,"column":37}},"type":"binary-expr","locations":[{"start":{"line":340,"column":11},"end":{"line":340,"column":14}},{"start":{"line":341,"column":8},"end":{"line":341,"column":55}},{"start":{"line":342,"column":8},"end":{"line":342,"column":37}}]},"79":{"loc":{"start":{"line":346,"column":71},"end":{"line":346,"column":110}},"type":"binary-expr","locations":[{"start":{"line":346,"column":71},"end":{"line":346,"column":94}},{"start":{"line":346,"column":98},"end":{"line":346,"column":110}}]},"80":{"loc":{"start":{"line":349,"column":4},"end":{"line":351,"column":5}},"type":"if","locations":[{"start":{"line":349,"column":4},"end":{"line":351,"column":5}}]},"81":{"loc":{"start":{"line":349,"column":8},"end":{"line":349,"column":50}},"type":"binary-expr","locations":[{"start":{"line":349,"column":8},"end":{"line":349,"column":25}},{"start":{"line":349,"column":29},"end":{"line":349,"column":50}}]},"82":{"loc":{"start":{"line":353,"column":16},"end":{"line":353,"column":61}},"type":"cond-expr","locations":[{"start":{"line":353,"column":34},"end":{"line":353,"column":45}},{"start":{"line":353,"column":48},"end":{"line":353,"column":61}}]},"83":{"loc":{"start":{"line":355,"column":4},"end":{"line":373,"column":5}},"type":"if","locations":[{"start":{"line":355,"column":4},"end":{"line":373,"column":5}},{"start":{"line":363,"column":11},"end":{"line":373,"column":5}}]},"84":{"loc":{"start":{"line":357,"column":12},"end":{"line":361,"column":13}},"type":"if","locations":[{"start":{"line":357,"column":12},"end":{"line":361,"column":13}},{"start":{"line":359,"column":19},"end":{"line":361,"column":13}}]},"85":{"loc":{"start":{"line":359,"column":19},"end":{"line":361,"column":13}},"type":"if","locations":[{"start":{"line":359,"column":19},"end":{"line":361,"column":13}}]},"86":{"loc":{"start":{"line":359,"column":23},"end":{"line":359,"column":66}},"type":"binary-expr","locations":[{"start":{"line":359,"column":23},"end":{"line":359,"column":39}},{"start":{"line":359,"column":43},"end":{"line":359,"column":66}}]},"87":{"loc":{"start":{"line":365,"column":12},"end":{"line":371,"column":13}},"type":"if","locations":[{"start":{"line":365,"column":12},"end":{"line":371,"column":13}}]},"88":{"loc":{"start":{"line":366,"column":16},"end":{"line":370,"column":17}},"type":"if","locations":[{"start":{"line":366,"column":16},"end":{"line":370,"column":17}},{"start":{"line":368,"column":23},"end":{"line":370,"column":17}}]},"89":{"loc":{"start":{"line":366,"column":20},"end":{"line":366,"column":67}},"type":"binary-expr","locations":[{"start":{"line":366,"column":20},"end":{"line":366,"column":38}},{"start":{"line":366,"column":42},"end":{"line":366,"column":67}}]},"90":{"loc":{"start":{"line":368,"column":23},"end":{"line":370,"column":17}},"type":"if","locations":[{"start":{"line":368,"column":23},"end":{"line":370,"column":17}}]}},"s":{"0":1,"1":1,"2":1,"3":1,"4":1,"5":1,"6":1,"7":1,"8":1,"9":1,"10":1,"11":1,"12":1,"13":1,"14":1,"15":1,"16":1,"17":0,"18":1,"19":1,"20":0,"21":1,"22":1,"23":3,"24":1,"25":1,"26":0,"27":1,"28":9,"29":9,"30":17,"31":9,"32":3,"33":6,"34":3,"35":3,"36":3,"37":3,"38":3,"39":4,"40":4,"41":4,"42":1,"43":3,"44":3,"45":3,"46":0,"47":3,"48":1,"49":2,"50":3,"51":1,"52":3,"53":8,"54":1,"55":7,"56":5,"57":2,"58":12,"59":5,"60":7,"61":1,"62":1,"63":2,"64":1,"65":13,"66":20,"67":9,"68":11,"69":11,"70":4,"71":0,"72":4,"73":4,"74":0,"75":4,"76":7,"77":7,"78":7,"79":7,"80":1,"81":6,"82":0,"83":6,"84":1,"85":1,"86":1,"87":1,"88":1,"89":3,"90":3,"91":3,"92":0,"93":3,"94":1,"95":2,"96":0,"97":2,"98":0,"99":2,"100":1,"101":0,"102":5,"103":1,"104":1,"105":0,"106":4,"107":0,"108":4,"109":4,"110":3,"111":0,"112":3,"113":3,"114":1,"115":2,"116":2,"117":2,"118":0,"119":0,"120":2,"121":2,"122":2,"123":2,"124":2,"125":0,"126":2,"127":0,"128":1,"129":1,"130":1,"131":1,"132":1,"133":1,"134":1,"135":1,"136":3,"137":0,"138":3,"139":0,"140":3,"141":1,"142":0,"143":0,"144":1,"145":0,"146":1,"147":3,"148":2,"149":1,"150":2,"151":1,"152":0,"153":1,"154":2,"155":2,"156":0,"157":0,"158":0,"159":0,"160":0,"161":0,"162":0,"163":0,"164":0,"165":0,"166":9,"167":0,"168":9,"169":0,"170":0,"171":9,"172":3,"173":0,"174":3,"175":0,"176":3,"177":3,"178":7,"179":7,"180":7,"181":7,"182":7,"183":4,"184":3,"185":6,"186":4,"187":0,"188":4,"189":0,"190":0,"191":4,"192":2,"193":0,"194":2,"195":0,"196":2,"197":2,"198":2,"199":5,"200":3,"201":2,"202":2,"203":14,"204":0,"205":0,"206":0,"207":0,"208":0,"209":0,"210":0,"211":0,"212":0,"213":0,"214":0,"215":0,"216":0,"217":0,"218":0,"219":0,"220":0,"221":0,"222":0,"223":0,"224":0},"f":{"0":0,"1":0,"2":3,"3":0,"4":9,"5":3,"6":8,"7":12,"8":1,"9":2,"10":13,"11":20,"12":4,"13":3,"14":0,"15":1,"16":3,"17":0,"18":3,"19":2,"20":2,"21":2,"22":0,"23":9,"24":0,"25":7,"26":4,"27":0,"28":5,"29":14,"30":0,"31":0,"32":0,"33":0},"b":{"0":[0,0],"1":[9],"2":[26,21],"3":[3],"4":[9,3],"5":[2,4],"6":[1,3],"7":[4,1,0],"8":[1,2],"9":[3,1],"10":[0],"11":[1,2],"12":[1,2],"13":[1],"14":[3,1],"15":[1,7],"16":[5,2],"17":[7,5],"18":[5],"19":[13,13,9],"20":[9],"21":[20,13,12],"22":[2],"23":[0],"24":[0],"25":[7],"26":[1],"27":[7,2],"28":[0,6],"29":[1,5],"30":[1,0],"31":[0,3],"32":[1,2],"33":[0,2],"34":[0,2],"35":[2,0],"36":[1,4],"37":[1,0],"38":[0,4],"39":[0],"40":[3],"41":[1],"42":[2],"43":[2,0],"44":[0],"45":[2,0],"46":[0,2],"47":[0,2],"48":[0],"49":[1],"50":[0],"51":[0],"52":[1],"53":[0],"54":[0],"55":[1,1],"56":[0,1],"57":[0],"58":[0],"59":[0,0],"60":[0,0],"61":[0,0],"62":[0],"63":[0],"64":[0],"65":[3],"66":[0],"67":[0],"68":[7],"69":[7,2,2,1,1,1],"70":[4],"71":[7,5,5],"72":[0],"73":[0],"74":[2],"75":[0],"76":[0],"77":[3],"78":[14,13,10],"79":[0,0],"80":[0],"81":[0,0],"82":[0,0],"83":[0,0],"84":[0,0],"85":[0],"86":[0,0],"87":[0],"88":[0,0],"89":[0,0],"90":[0]}}
,"/Users/francesco/rebase/packages/utils/src/plurals.ts": {"path":"/Users/francesco/rebase/packages/utils/src/plurals.ts","statementMap":{"0":{"start":{"line":8,"column":0},"end":{"line":8,"column":16}},"1":{"start":{"line":98,"column":0},"end":{"line":98,"column":16}},"2":{"start":{"line":9,"column":4},"end":{"line":11,"column":5}},"3":{"start":{"line":10,"column":8},"end":{"line":10,"column":null}},"4":{"start":{"line":12,"column":47},"end":{"line":31,"column":null}},"5":{"start":{"line":32,"column":49},"end":{"line":41,"column":null}},"6":{"start":{"line":42,"column":34},"end":{"line":68,"column":null}},"7":{"start":{"line":70,"column":4},"end":{"line":72,"column":5}},"8":{"start":{"line":71,"column":8},"end":{"line":71,"column":20}},"9":{"start":{"line":74,"column":4},"end":{"line":80,"column":5}},"10":{"start":{"line":75,"column":24},"end":{"line":75,"column":48}},"11":{"start":{"line":76,"column":24},"end":{"line":76,"column":36}},"12":{"start":{"line":77,"column":8},"end":{"line":79,"column":9}},"13":{"start":{"line":78,"column":12},"end":{"line":78,"column":50}},"14":{"start":{"line":82,"column":4},"end":{"line":87,"column":5}},"15":{"start":{"line":83,"column":24},"end":{"line":83,"column":44}},"16":{"start":{"line":84,"column":8},"end":{"line":86,"column":9}},"17":{"start":{"line":85,"column":12},"end":{"line":85,"column":null}},"18":{"start":{"line":88,"column":4},"end":{"line":88,"column":16}},"19":{"start":{"line":99,"column":4},"end":{"line":101,"column":5}},"20":{"start":{"line":100,"column":8},"end":{"line":100,"column":20}},"21":{"start":{"line":102,"column":49},"end":{"line":131,"column":null}},"22":{"start":{"line":132,"column":49},"end":{"line":141,"column":null}},"23":{"start":{"line":142,"column":34},"end":{"line":168,"column":null}},"24":{"start":{"line":170,"column":4},"end":{"line":172,"column":5}},"25":{"start":{"line":171,"column":8},"end":{"line":171,"column":20}},"26":{"start":{"line":174,"column":4},"end":{"line":179,"column":5}},"27":{"start":{"line":175,"column":24},"end":{"line":175,"column":59}},"28":{"start":{"line":176,"column":8},"end":{"line":178,"column":9}},"29":{"start":{"line":177,"column":12},"end":{"line":177,"column":44}},"30":{"start":{"line":181,"column":4},"end":{"line":186,"column":5}},"31":{"start":{"line":182,"column":24},"end":{"line":182,"column":44}},"32":{"start":{"line":183,"column":8},"end":{"line":185,"column":9}},"33":{"start":{"line":184,"column":12},"end":{"line":184,"column":57}},"34":{"start":{"line":187,"column":4},"end":{"line":187,"column":16}}},"fnMap":{"0":{"name":"plural","decl":{"start":{"line":8,"column":16},"end":{"line":8,"column":22}},"loc":{"start":{"line":8,"column":52},"end":{"line":89,"column":1}}},"1":{"name":"singular","decl":{"start":{"line":98,"column":16},"end":{"line":98,"column":24}},"loc":{"start":{"line":98,"column":54},"end":{"line":188,"column":1}}}},"branchMap":{"0":{"loc":{"start":{"line":9,"column":4},"end":{"line":11,"column":5}},"type":"if","locations":[{"start":{"line":9,"column":4},"end":{"line":11,"column":5}}]},"1":{"loc":{"start":{"line":9,"column":8},"end":{"line":9,"column":44}},"type":"binary-expr","locations":[{"start":{"line":9,"column":8},"end":{"line":9,"column":28}},{"start":{"line":9,"column":32},"end":{"line":9,"column":44}}]},"2":{"loc":{"start":{"line":70,"column":4},"end":{"line":72,"column":5}},"type":"if","locations":[{"start":{"line":70,"column":4},"end":{"line":72,"column":5}}]},"3":{"loc":{"start":{"line":77,"column":8},"end":{"line":79,"column":9}},"type":"if","locations":[{"start":{"line":77,"column":8},"end":{"line":79,"column":9}}]},"4":{"loc":{"start":{"line":84,"column":8},"end":{"line":86,"column":9}},"type":"if","locations":[{"start":{"line":84,"column":8},"end":{"line":86,"column":9}}]},"5":{"loc":{"start":{"line":99,"column":4},"end":{"line":101,"column":5}},"type":"if","locations":[{"start":{"line":99,"column":4},"end":{"line":101,"column":5}}]},"6":{"loc":{"start":{"line":99,"column":8},"end":{"line":99,"column":44}},"type":"binary-expr","locations":[{"start":{"line":99,"column":8},"end":{"line":99,"column":28}},{"start":{"line":99,"column":32},"end":{"line":99,"column":44}}]},"7":{"loc":{"start":{"line":170,"column":4},"end":{"line":172,"column":5}},"type":"if","locations":[{"start":{"line":170,"column":4},"end":{"line":172,"column":5}}]},"8":{"loc":{"start":{"line":176,"column":8},"end":{"line":178,"column":9}},"type":"if","locations":[{"start":{"line":176,"column":8},"end":{"line":178,"column":9}}]},"9":{"loc":{"start":{"line":183,"column":8},"end":{"line":185,"column":9}},"type":"if","locations":[{"start":{"line":183,"column":8},"end":{"line":185,"column":9}}]}},"s":{"0":1,"1":1,"2":36,"3":2,"4":34,"5":34,"6":34,"7":34,"8":5,"9":29,"10":215,"11":215,"12":215,"13":6,"14":23,"15":233,"16":233,"17":23,"18":0,"19":33,"20":2,"21":31,"22":31,"23":31,"24":31,"25":4,"26":27,"27":199,"28":199,"29":6,"30":21,"31":312,"32":312,"33":21,"34":0},"f":{"0":36,"1":33},"b":{"0":[2],"1":[36,3],"2":[5],"3":[6],"4":[23],"5":[2],"6":[33,2],"7":[4],"8":[6],"9":[21]}}
,"/Users/francesco/rebase/packages/utils/src/regexp.ts": {"path":"/Users/francesco/rebase/packages/utils/src/regexp.ts","statementMap":{"0":{"start":{"line":1,"column":0},"end":{"line":1,"column":16}},"1":{"start":{"line":16,"column":0},"end":{"line":16,"column":16}},"2":{"start":{"line":26,"column":0},"end":{"line":26,"column":16}},"3":{"start":{"line":2,"column":4},"end":{"line":2,"column":26}},"4":{"start":{"line":2,"column":16},"end":{"line":2,"column":26}},"5":{"start":{"line":9,"column":4},"end":{"line":9,"column":28}},"6":{"start":{"line":17,"column":4},"end":{"line":17,"column":33}},"7":{"start":{"line":17,"column":16},"end":{"line":17,"column":33}},"8":{"start":{"line":18,"column":22},"end":{"line":18,"column":57}},"9":{"start":{"line":19,"column":4},"end":{"line":23,"column":5}},"10":{"start":{"line":20,"column":8},"end":{"line":20,"column":60}},"11":{"start":{"line":22,"column":8},"end":{"line":22,"column":37}},"12":{"start":{"line":27,"column":23},"end":{"line":27,"column":145}},"13":{"start":{"line":28,"column":4},"end":{"line":29,"column":20}},"14":{"start":{"line":29,"column":8},"end":{"line":29,"column":20}},"15":{"start":{"line":30,"column":25},"end":{"line":30,"column":95}},"16":{"start":{"line":31,"column":4},"end":{"line":31,"column":26}}},"fnMap":{"0":{"name":"serializeRegExp","decl":{"start":{"line":1,"column":16},"end":{"line":1,"column":31}},"loc":{"start":{"line":1,"column":45},"end":{"line":10,"column":1}}},"1":{"name":"hydrateRegExp","decl":{"start":{"line":16,"column":16},"end":{"line":16,"column":29}},"loc":{"start":{"line":16,"column":44},"end":{"line":24,"column":1}}},"2":{"name":"isValidRegExp","decl":{"start":{"line":26,"column":16},"end":{"line":26,"column":29}},"loc":{"start":{"line":26,"column":43},"end":{"line":32,"column":1}}}},"branchMap":{"0":{"loc":{"start":{"line":2,"column":4},"end":{"line":2,"column":26}},"type":"if","locations":[{"start":{"line":2,"column":4},"end":{"line":2,"column":26}}]},"1":{"loc":{"start":{"line":17,"column":4},"end":{"line":17,"column":33}},"type":"if","locations":[{"start":{"line":17,"column":4},"end":{"line":17,"column":33}}]},"2":{"loc":{"start":{"line":19,"column":4},"end":{"line":23,"column":5}},"type":"if","locations":[{"start":{"line":19,"column":4},"end":{"line":23,"column":5}},{"start":{"line":21,"column":11},"end":{"line":23,"column":5}}]},"3":{"loc":{"start":{"line":20,"column":40},"end":{"line":20,"column":58}},"type":"binary-expr","locations":[{"start":{"line":20,"column":40},"end":{"line":20,"column":52}},{"start":{"line":20,"column":56},"end":{"line":20,"column":58}}]},"4":{"loc":{"start":{"line":28,"column":4},"end":{"line":29,"column":20}},"type":"if","locations":[{"start":{"line":28,"column":4},"end":{"line":29,"column":20}}]}},"s":{"0":1,"1":1,"2":1,"3":5,"4":2,"5":3,"6":4,"7":2,"8":2,"9":2,"10":1,"11":1,"12":4,"13":4,"14":2,"15":2,"16":2},"f":{"0":5,"1":4,"2":4},"b":{"0":[2],"1":[2],"2":[1,1],"3":[1,0],"4":[2]}}
,"/Users/francesco/rebase/packages/utils/src/strings.ts": {"path":"/Users/francesco/rebase/packages/utils/src/strings.ts","statementMap":{"0":{"start":{"line":21,"column":0},"end":{"line":21,"column":16}},"1":{"start":{"line":25,"column":0},"end":{"line":25,"column":16}},"2":{"start":{"line":29,"column":0},"end":{"line":29,"column":16}},"3":{"start":{"line":53,"column":0},"end":{"line":53,"column":16}},"4":{"start":{"line":65,"column":0},"end":{"line":65,"column":16}},"5":{"start":{"line":1,"column":23},"end":{"line":1,"column":91}},"6":{"start":{"line":3,"column":27},"end":{"line":9,"column":1}},"7":{"start":{"line":4,"column":29},"end":{"line":4,"column":54}},"8":{"start":{"line":5,"column":4},"end":{"line":5,"column":37}},"9":{"start":{"line":5,"column":27},"end":{"line":5,"column":37}},"10":{"start":{"line":6,"column":4},"end":{"line":8,"column":19}},"11":{"start":{"line":7,"column":18},"end":{"line":7,"column":33}},"12":{"start":{"line":3,"column":13},"end":{"line":3,"column":27}},"13":{"start":{"line":11,"column":23},"end":{"line":11,"column":91}},"14":{"start":{"line":13,"column":27},"end":{"line":19,"column":1}},"15":{"start":{"line":14,"column":29},"end":{"line":14,"column":54}},"16":{"start":{"line":15,"column":4},"end":{"line":15,"column":37}},"17":{"start":{"line":15,"column":27},"end":{"line":15,"column":37}},"18":{"start":{"line":16,"column":4},"end":{"line":18,"column":19}},"19":{"start":{"line":17,"column":18},"end":{"line":17,"column":33}},"20":{"start":{"line":13,"column":13},"end":{"line":13,"column":27}},"21":{"start":{"line":22,"column":4},"end":{"line":22,"column":62}},"22":{"start":{"line":26,"column":4},"end":{"line":26,"column":61}},"23":{"start":{"line":30,"column":4},"end":{"line":30,"column":25}},"24":{"start":{"line":30,"column":15},"end":{"line":30,"column":25}},"25":{"start":{"line":31,"column":17},"end":{"line":31,"column":51}},"26":{"start":{"line":32,"column":15},"end":{"line":32,"column":126}},"27":{"start":{"line":34,"column":4},"end":{"line":36,"column":5}},"28":{"start":{"line":34,"column":17},"end":{"line":34,"column":18}},"29":{"start":{"line":34,"column":24},"end":{"line":34,"column":35}},"30":{"start":{"line":35,"column":8},"end":{"line":35,"column":75}},"31":{"start":{"line":38,"column":4},"end":{"line":46,"column":23}},"32":{"start":{"line":48,"column":4},"end":{"line":50,"column":15}},"33":{"start":{"line":54,"column":4},"end":{"line":54,"column":25}},"34":{"start":{"line":54,"column":15},"end":{"line":54,"column":25}},"35":{"start":{"line":55,"column":4},"end":{"line":62,"column":5}},"36":{"start":{"line":56,"column":23},"end":{"line":56,"column":49}},"37":{"start":{"line":57,"column":8},"end":{"line":59,"column":18}},"38":{"start":{"line":58,"column":12},"end":{"line":58,"column":66}},"39":{"start":{"line":61,"column":8},"end":{"line":61,"column":27}},"40":{"start":{"line":66,"column":4},"end":{"line":66,"column":26}},"41":{"start":{"line":66,"column":16},"end":{"line":66,"column":26}},"42":{"start":{"line":68,"column":15},"end":{"line":68,"column":20}},"43":{"start":{"line":73,"column":4},"end":{"line":73,"column":76}},"44":{"start":{"line":76,"column":4},"end":{"line":76,"column":39}},"45":{"start":{"line":79,"column":14},"end":{"line":81,"column":55}},"46":{"start":{"line":81,"column":36},"end":{"line":81,"column":54}},"47":{"start":{"line":82,"column":4},"end":{"line":82,"column":55}},"48":{"start":{"line":83,"column":4},"end":{"line":83,"column":13}}},"fnMap":{"0":{"name":"(anonymous_0)","decl":{"start":{"line":3,"column":27},"end":{"line":3,"column":28}},"loc":{"start":{"line":3,"column":43},"end":{"line":9,"column":1}}},"1":{"name":"(anonymous_1)","decl":{"start":{"line":7,"column":13},"end":{"line":7,"column":14}},"loc":{"start":{"line":7,"column":18},"end":{"line":7,"column":33}}},"2":{"name":"(anonymous_2)","decl":{"start":{"line":13,"column":27},"end":{"line":13,"column":28}},"loc":{"start":{"line":13,"column":43},"end":{"line":19,"column":1}}},"3":{"name":"(anonymous_3)","decl":{"start":{"line":17,"column":13},"end":{"line":17,"column":14}},"loc":{"start":{"line":17,"column":18},"end":{"line":17,"column":33}}},"4":{"name":"randomString","decl":{"start":{"line":21,"column":16},"end":{"line":21,"column":28}},"loc":{"start":{"line":21,"column":42},"end":{"line":23,"column":1}}},"5":{"name":"randomColor","decl":{"start":{"line":25,"column":16},"end":{"line":25,"column":27}},"loc":{"start":{"line":25,"column":27},"end":{"line":27,"column":1}}},"6":{"name":"slugify","decl":{"start":{"line":29,"column":16},"end":{"line":29,"column":23}},"loc":{"start":{"line":29,"column":72},"end":{"line":51,"column":1}}},"7":{"name":"unslugify","decl":{"start":{"line":53,"column":16},"end":{"line":53,"column":25}},"loc":{"start":{"line":53,"column":39},"end":{"line":63,"column":1}}},"8":{"name":"(anonymous_8)","decl":{"start":{"line":57,"column":40},"end":{"line":57,"column":50}},"loc":{"start":{"line":57,"column":53},"end":{"line":59,"column":9}}},"9":{"name":"prettifyIdentifier","decl":{"start":{"line":65,"column":16},"end":{"line":65,"column":34}},"loc":{"start":{"line":65,"column":48},"end":{"line":84,"column":1}}},"10":{"name":"(anonymous_10)","decl":{"start":{"line":81,"column":26},"end":{"line":81,"column":27}},"loc":{"start":{"line":81,"column":36},"end":{"line":81,"column":54}}}},"branchMap":{"0":{"loc":{"start":{"line":5,"column":4},"end":{"line":5,"column":37}},"type":"if","locations":[{"start":{"line":5,"column":4},"end":{"line":5,"column":37}}]},"1":{"loc":{"start":{"line":15,"column":4},"end":{"line":15,"column":37}},"type":"if","locations":[{"start":{"line":15,"column":4},"end":{"line":15,"column":37}}]},"2":{"loc":{"start":{"line":21,"column":29},"end":{"line":21,"column":42}},"type":"default-arg","locations":[{"start":{"line":21,"column":41},"end":{"line":21,"column":42}}]},"3":{"loc":{"start":{"line":29,"column":39},"end":{"line":29,"column":54}},"type":"default-arg","locations":[{"start":{"line":29,"column":51},"end":{"line":29,"column":54}}]},"4":{"loc":{"start":{"line":29,"column":56},"end":{"line":29,"column":72}},"type":"default-arg","locations":[{"start":{"line":29,"column":68},"end":{"line":29,"column":72}}]},"5":{"loc":{"start":{"line":30,"column":4},"end":{"line":30,"column":25}},"type":"if","locations":[{"start":{"line":30,"column":4},"end":{"line":30,"column":25}}]},"6":{"loc":{"start":{"line":48,"column":11},"end":{"line":50,"column":14}},"type":"cond-expr","locations":[{"start":{"line":49,"column":10},"end":{"line":49,"column":28}},{"start":{"line":50,"column":10},"end":{"line":50,"column":14}}]},"7":{"loc":{"start":{"line":54,"column":4},"end":{"line":54,"column":25}},"type":"if","locations":[{"start":{"line":54,"column":4},"end":{"line":54,"column":25}}]},"8":{"loc":{"start":{"line":55,"column":4},"end":{"line":62,"column":5}},"type":"if","locations":[{"start":{"line":55,"column":4},"end":{"line":62,"column":5}},{"start":{"line":60,"column":11},"end":{"line":62,"column":5}}]},"9":{"loc":{"start":{"line":55,"column":8},"end":{"line":55,"column":71}},"type":"binary-expr","locations":[{"start":{"line":55,"column":8},"end":{"line":55,"column":26}},{"start":{"line":55,"column":30},"end":{"line":55,"column":48}},{"start":{"line":55,"column":52},"end":{"line":55,"column":71}}]},"10":{"loc":{"start":{"line":66,"column":4},"end":{"line":66,"column":26}},"type":"if","locations":[{"start":{"line":66,"column":4},"end":{"line":66,"column":26}}]}},"s":{"0":1,"1":1,"2":1,"3":1,"4":1,"5":1,"6":1,"7":4,"8":4,"9":1,"10":3,"11":7,"12":1,"13":1,"14":1,"15":4,"16":4,"17":1,"18":3,"19":7,"20":1,"21":2,"22":1,"23":8,"24":2,"25":6,"26":6,"27":6,"28":6,"29":6,"30":192,"31":6,"32":6,"33":6,"34":2,"35":4,"36":3,"37":3,"38":7,"39":1,"40":6,"41":1,"42":5,"43":5,"44":5,"45":5,"46":11,"47":5,"48":5},"f":{"0":4,"1":7,"2":4,"3":7,"4":2,"5":1,"6":8,"7":6,"8":7,"9":6,"10":11},"b":{"0":[1],"1":[1],"2":[0],"3":[5],"4":[7],"5":[2],"6":[5,1],"7":[2],"8":[3,1],"9":[4,3,1],"10":[1]}}
}
