TN:
SF:src/arrays.ts
FN:1,toArray
FNF:1
FNH:1
FNDA:9,toArray
DA:1,1
DA:2,9
LF:2
LH:2
BRDA:2,0,0,1
BRDA:2,0,1,8
BRDA:2,1,0,3
BRDA:2,1,1,5
BRF:4
BRH:4
end_of_record
TN:
SF:src/flatten_object.ts
FN:1,flattenObject
FN:3,(anonymous_1)
FN:8,(anonymous_2)
FN:26,getArrayValuesCount
FN:27,(anonymous_4)
FN:28,(anonymous_5)
FN:37,(anonymous_6)
FNF:7
FNH:7
FNDA:11,flattenObject
FNDA:14,(anonymous_1)
FNDA:3,(anonymous_2)
FNDA:14,getArrayValuesCount
FNDA:18,(anonymous_4)
FNDA:36,(anonymous_5)
FNDA:6,(anonymous_6)
DA:1,1
DA:2,11
DA:3,9
DA:4,14
DA:6,14
DA:7,5
DA:8,2
DA:9,3
DA:12,3
DA:15,9
DA:18,14
DA:26,1
DA:27,14
DA:28,18
DA:30,36
DA:31,7
DA:35,36
DA:36,11
DA:37,11
DA:38,6
DA:39,6
DA:43,18
LF:22
LH:22
BRDA:1,0,0,5
BRDA:2,1,0,2
BRDA:4,2,0,9
BRDA:4,2,1,5
BRDA:6,3,0,5
BRDA:6,3,1,9
BRDA:6,4,0,14
BRDA:6,4,1,5
BRDA:7,5,0,2
BRDA:7,5,1,3
BRDA:30,6,0,7
BRDA:31,7,0,7
BRDA:31,7,1,5
BRDA:35,8,0,11
BRDA:35,9,0,36
BRDA:35,9,1,11
BRDA:39,10,0,6
BRDA:39,10,1,4
BRF:18
BRH:18
end_of_record
TN:
SF:src/hash.ts
FN:1,hashString
FNF:1
FNH:1
FNDA:6,hashString
DA:1,1
DA:2,6
DA:3,5
DA:6,5
DA:7,92
DA:8,92
DA:9,92
DA:11,5
LF:8
LH:8
BRDA:2,0,0,1
BRF:1
BRH:1
end_of_record
TN:
SF:src/objects.ts
FN:5,(anonymous_1)
FN:9,(anonymous_2)
FN:13,(anonymous_3)
FN:18,(anonymous_4)
FN:23,getIn
FN:42,setIn
FN:81,clone
FN:91,toPath
FN:98,(anonymous_9)
FN:99,(anonymous_10)
FN:105,isObject
FN:109,isPlainObject
FN:122,mergeDeep
FN:208,getValueInPath
FN:217,(anonymous_15)
FN:234,removeInPath
FN:246,removeFunctions
FN:252,(anonymous_18)
FN:259,(anonymous_19)
FN:260,(anonymous_20)
FN:262,(anonymous_21)
FN:267,(anonymous_22)
FN:272,getHashValue
FN:285,removeUndefined
FN:290,(anonymous_25)
FN:300,(anonymous_26)
FN:314,removeNulls
FN:319,(anonymous_28)
FN:330,(anonymous_29)
FN:339,isEmptyObject
FN:345,removePropsIfExisting
FN:346,(anonymous_32)
FN:347,(anonymous_33)
FN:364,(anonymous_34)
FNF:34
FNH:22
FNDA:0,(anonymous_1)
FNDA:0,(anonymous_2)
FNDA:3,(anonymous_3)
FNDA:0,(anonymous_4)
FNDA:9,getIn
FNDA:3,setIn
FNDA:8,clone
FNDA:12,toPath
FNDA:1,(anonymous_9)
FNDA:2,(anonymous_10)
FNDA:13,isObject
FNDA:20,isPlainObject
FNDA:4,mergeDeep
FNDA:3,getValueInPath
FNDA:0,(anonymous_15)
FNDA:1,removeInPath
FNDA:3,removeFunctions
FNDA:0,(anonymous_18)
FNDA:3,(anonymous_19)
FNDA:2,(anonymous_20)
FNDA:2,(anonymous_21)
FNDA:2,(anonymous_22)
FNDA:0,getHashValue
FNDA:9,removeUndefined
FNDA:0,(anonymous_25)
FNDA:7,(anonymous_26)
FNDA:4,removeNulls
FNDA:0,(anonymous_28)
FNDA:5,(anonymous_29)
FNDA:14,isEmptyObject
FNDA:0,removePropsIfExisting
FNDA:0,(anonymous_32)
FNDA:0,(anonymous_33)
FNDA:0,(anonymous_34)
DA:1,1
DA:2,1
DA:5,1
DA:6,0
DA:9,1
DA:10,0
DA:13,1
DA:14,3
DA:18,1
DA:23,1
DA:29,9
DA:30,9
DA:31,17
DA:35,9
DA:36,3
DA:39,6
DA:42,1
DA:43,3
DA:44,3
DA:45,3
DA:46,3
DA:48,3
DA:49,4
DA:50,4
DA:52,4
DA:53,1
DA:55,3
DA:56,3
DA:62,3
DA:63,0
DA:66,3
DA:67,1
DA:69,2
DA:74,3
DA:75,1
DA:78,3
DA:81,1
DA:82,8
DA:83,1
DA:84,7
DA:85,5
DA:87,2
DA:92,12
DA:94,7
DA:98,1
DA:99,2
DA:105,1
DA:106,13
DA:109,1
DA:111,20
DA:112,9
DA:116,11
DA:119,11
DA:122,1
DA:128,4
DA:129,0
DA:133,4
DA:137,4
DA:138,0
DA:142,4
DA:143,7
DA:144,7
DA:145,7
DA:149,7
DA:150,1
DA:153,6
DA:155,0
DA:156,6
DA:157,1
DA:158,1
DA:159,1
DA:160,1
DA:161,3
DA:162,3
DA:164,3
DA:165,0
DA:166,3
DA:167,1
DA:168,2
DA:169,0
DA:170,2
DA:172,0
DA:175,2
DA:178,1
DA:182,0
DA:184,5
DA:186,1
DA:189,1
DA:193,0
DA:195,4
DA:197,0
DA:200,4
DA:205,4
DA:208,1
DA:209,3
DA:210,3
DA:211,3
DA:212,1
DA:214,2
DA:215,2
DA:216,2
DA:217,0
DA:219,2
DA:220,2
DA:221,2
DA:225,2
DA:226,2
DA:227,0
DA:228,2
DA:231,0
DA:234,1
DA:235,1
DA:236,1
DA:237,1
DA:238,1
DA:239,1
DA:241,1
DA:242,1
DA:243,1
DA:246,1
DA:247,3
DA:248,3
DA:249,3
DA:251,1
DA:252,0
DA:255,1
DA:256,0
DA:258,1
DA:259,3
DA:261,2
DA:262,2
DA:263,1
DA:264,0
DA:265,1
DA:267,2
DA:269,2
DA:272,1
DA:273,0
DA:274,0
DA:275,0
DA:276,0
DA:277,0
DA:278,0
DA:279,0
DA:280,0
DA:282,0
DA:285,1
DA:286,9
DA:287,0
DA:289,9
DA:290,0
DA:292,9
DA:293,3
DA:294,0
DA:296,3
DA:297,0
DA:299,3
DA:300,3
DA:301,7
DA:302,7
DA:303,7
DA:304,7
DA:305,7
DA:306,4
DA:309,3
DA:311,6
DA:314,1
DA:315,4
DA:316,0
DA:318,4
DA:319,0
DA:321,4
DA:322,2
DA:323,0
DA:325,2
DA:326,0
DA:328,2
DA:329,2
DA:330,2
DA:331,5
DA:332,3
DA:334,2
DA:336,2
DA:339,1
DA:340,14
DA:345,1
DA:346,0
DA:347,0
DA:349,0
DA:350,0
DA:353,0
DA:355,0
DA:356,0
DA:357,0
DA:358,0
DA:359,0
DA:360,0
DA:364,0
DA:365,0
DA:366,0
DA:367,0
DA:368,0
DA:369,0
DA:375,0
LF:204
LH:151
BRDA:6,0,0,0
BRDA:6,0,1,0
BRDA:27,1,0,9
BRDA:30,2,0,26
BRDA:30,2,1,21
BRDA:35,3,0,3
BRDA:35,4,0,9
BRDA:35,4,1,3
BRDA:39,5,0,2
BRDA:39,5,1,4
BRDA:52,6,0,1
BRDA:52,6,1,3
BRDA:52,7,0,4
BRDA:52,7,1,1
BRDA:52,7,2,0
BRDA:57,8,0,1
BRDA:57,8,1,2
BRDA:57,9,0,3
BRDA:57,9,1,1
BRDA:62,10,0,0
BRDA:62,11,0,1
BRDA:62,11,1,2
BRDA:66,12,0,1
BRDA:66,12,1,2
BRDA:74,13,0,1
BRDA:74,14,0,3
BRDA:74,14,1,1
BRDA:82,15,0,1
BRDA:82,15,1,7
BRDA:84,16,0,5
BRDA:84,16,1,2
BRDA:84,17,0,7
BRDA:84,17,1,5
BRDA:92,18,0,5
BRDA:106,19,0,13
BRDA:106,19,1,13
BRDA:106,19,2,9
BRDA:111,20,0,9
BRDA:111,21,0,20
BRDA:111,21,1,13
BRDA:111,21,2,12
BRDA:125,22,0,2
BRDA:128,23,0,0
BRDA:137,24,0,0
BRDA:143,25,0,7
BRDA:149,26,0,1
BRDA:149,27,0,7
BRDA:149,27,1,2
BRDA:153,28,0,0
BRDA:153,28,1,6
BRDA:156,29,0,1
BRDA:156,29,1,5
BRDA:157,30,0,1
BRDA:157,30,1,0
BRDA:164,31,0,0
BRDA:164,31,1,3
BRDA:166,32,0,1
BRDA:166,32,1,2
BRDA:168,33,0,0
BRDA:168,33,1,2
BRDA:170,34,0,0
BRDA:170,34,1,2
BRDA:170,35,0,2
BRDA:170,35,1,0
BRDA:184,36,0,1
BRDA:184,36,1,4
BRDA:186,37,0,1
BRDA:186,37,1,0
BRDA:195,38,0,0
BRDA:195,38,1,4
BRDA:209,39,0,0
BRDA:210,40,0,3
BRDA:211,41,0,1
BRDA:214,42,0,2
BRDA:214,43,0,2
BRDA:214,43,1,0
BRDA:216,44,0,0
BRDA:220,45,0,2
BRDA:220,45,1,0
BRDA:221,46,0,0
BRDA:221,46,1,2
BRDA:225,47,0,0
BRDA:225,47,1,2
BRDA:226,48,0,0
BRDA:241,49,0,1
BRDA:247,50,0,0
BRDA:248,51,0,0
BRDA:249,52,0,1
BRDA:251,53,0,0
BRDA:255,54,0,0
BRDA:261,55,0,1
BRDA:261,55,1,1
BRDA:263,56,0,0
BRDA:263,56,1,1
BRDA:273,57,0,0
BRDA:274,58,0,0
BRDA:274,59,0,0
BRDA:274,59,1,0
BRDA:275,60,0,0
BRDA:275,60,1,0
BRDA:277,61,0,0
BRDA:277,61,1,0
BRDA:279,62,0,0
BRDA:286,63,0,0
BRDA:289,64,0,0
BRDA:292,65,0,3
BRDA:293,66,0,0
BRDA:296,67,0,0
BRDA:301,68,0,7
BRDA:304,69,0,7
BRDA:304,69,1,2
BRDA:304,69,2,2
BRDA:304,69,3,1
BRDA:304,69,4,1
BRDA:304,69,5,1
BRDA:305,70,0,4
BRDA:305,71,0,7
BRDA:305,71,1,5
BRDA:305,71,2,5
BRDA:315,72,0,0
BRDA:318,73,0,0
BRDA:321,74,0,2
BRDA:322,75,0,0
BRDA:325,76,0,0
BRDA:331,77,0,3
BRDA:340,78,0,14
BRDA:340,78,1,13
BRDA:340,78,2,10
BRDA:346,79,0,0
BRDA:346,79,1,0
BRDA:349,80,0,0
BRDA:349,81,0,0
BRDA:349,81,1,0
BRDA:353,82,0,0
BRDA:353,82,1,0
BRDA:355,83,0,0
BRDA:355,83,1,0
BRDA:357,84,0,0
BRDA:357,84,1,0
BRDA:359,85,0,0
BRDA:359,86,0,0
BRDA:359,86,1,0
BRDA:365,87,0,0
BRDA:366,88,0,0
BRDA:366,88,1,0
BRDA:366,89,0,0
BRDA:366,89,1,0
BRDA:368,90,0,0
BRF:148
BRH:85
end_of_record
TN:
SF:src/plurals.ts
FN:8,plural
FN:98,singular
FNF:2
FNH:2
FNDA:36,plural
FNDA:33,singular
DA:8,1
DA:9,36
DA:10,2
DA:12,34
DA:32,34
DA:42,34
DA:70,34
DA:71,5
DA:74,29
DA:75,215
DA:76,215
DA:77,215
DA:78,6
DA:82,23
DA:83,233
DA:84,233
DA:85,23
DA:88,0
DA:98,1
DA:99,33
DA:100,2
DA:102,31
DA:132,31
DA:142,31
DA:170,31
DA:171,4
DA:174,27
DA:175,199
DA:176,199
DA:177,6
DA:181,21
DA:182,312
DA:183,312
DA:184,21
DA:187,0
LF:35
LH:33
BRDA:9,0,0,2
BRDA:9,1,0,36
BRDA:9,1,1,3
BRDA:70,2,0,5
BRDA:77,3,0,6
BRDA:84,4,0,23
BRDA:99,5,0,2
BRDA:99,6,0,33
BRDA:99,6,1,2
BRDA:170,7,0,4
BRDA:176,8,0,6
BRDA:183,9,0,21
BRF:12
BRH:12
end_of_record
TN:
SF:src/regexp.ts
FN:1,serializeRegExp
FN:16,hydrateRegExp
FN:26,isValidRegExp
FNF:3
FNH:3
FNDA:5,serializeRegExp
FNDA:4,hydrateRegExp
FNDA:4,isValidRegExp
DA:1,1
DA:2,5
DA:9,3
DA:16,1
DA:17,4
DA:18,2
DA:19,2
DA:20,1
DA:22,1
DA:26,1
DA:27,4
DA:28,4
DA:29,2
DA:30,2
DA:31,2
LF:15
LH:15
BRDA:2,0,0,2
BRDA:17,1,0,2
BRDA:19,2,0,1
BRDA:19,2,1,1
BRDA:20,3,0,1
BRDA:20,3,1,0
BRDA:28,4,0,2
BRF:7
BRH:6
end_of_record
TN:
SF:src/strings.ts
FN:3,(anonymous_0)
FN:7,(anonymous_1)
FN:13,(anonymous_2)
FN:17,(anonymous_3)
FN:21,randomString
FN:25,randomColor
FN:29,slugify
FN:53,unslugify
FN:57,(anonymous_8)
FN:65,prettifyIdentifier
FN:81,(anonymous_10)
FNF:11
FNH:11
FNDA:4,(anonymous_0)
FNDA:7,(anonymous_1)
FNDA:4,(anonymous_2)
FNDA:7,(anonymous_3)
FNDA:2,randomString
FNDA:1,randomColor
FNDA:8,slugify
FNDA:6,unslugify
FNDA:7,(anonymous_8)
FNDA:6,prettifyIdentifier
FNDA:11,(anonymous_10)
DA:1,1
DA:3,1
DA:4,4
DA:5,4
DA:6,3
DA:7,7
DA:11,1
DA:13,1
DA:14,4
DA:15,4
DA:16,3
DA:17,7
DA:21,1
DA:22,2
DA:25,1
DA:26,1
DA:29,1
DA:30,8
DA:31,6
DA:32,6
DA:34,6
DA:35,192
DA:38,6
DA:48,6
DA:53,1
DA:54,6
DA:55,4
DA:56,3
DA:57,3
DA:58,7
DA:61,1
DA:65,1
DA:66,6
DA:68,5
DA:73,5
DA:76,5
DA:79,5
DA:81,11
DA:82,5
DA:83,5
LF:40
LH:40
BRDA:5,0,0,1
BRDA:15,1,0,1
BRDA:21,2,0,0
BRDA:29,3,0,5
BRDA:29,4,0,7
BRDA:30,5,0,2
BRDA:48,6,0,5
BRDA:48,6,1,1
BRDA:54,7,0,2
BRDA:55,8,0,3
BRDA:55,8,1,1
BRDA:55,9,0,4
BRDA:55,9,1,3
BRDA:55,9,2,1
BRDA:66,10,0,1
BRF:15
BRH:14
end_of_record
